[0.068s] Invoking command in '/home/dylan-george/ros2_ws/build/examples_rclcpp_async_client': CMAKE_PREFIX_PATH=${CMAKE_PREFIX_PATH}:/opt/ros/jazzy DEBUGINFOD_URLS=https://debuginfod.ubuntu.com /usr/bin/cmake /home/dylan-george/ros2_ws/src/examples/rclcpp/services/async_client -DAMENT_CMAKE_SYMLINK_INSTALL=1 -DCMAKE_INSTALL_PREFIX=/home/dylan-george/ros2_ws/install/examples_rclcpp_async_client
[0.285s] -- The C compiler identification is GNU 13.3.0
[0.522s] -- The CXX compiler identification is GNU 13.3.0
[0.577s] -- Detecting C compiler ABI info
[0.801s] -- Detecting C compiler ABI info - done
[0.830s] -- Check for working C compiler: /usr/bin/cc - skipped
[0.830s] -- Detecting C compile features
[0.831s] -- Detecting C compile features - done
[0.851s] -- Detecting CXX compiler ABI info
[1.079s] -- Detecting CXX compiler ABI info - done
[1.117s] -- Check for working CXX compiler: /usr/bin/c++ - skipped
[1.118s] -- Detecting CXX compile features
[1.119s] -- Detecting CXX compile features - done
[1.135s] -- Found ament_cmake: 2.5.4 (/opt/ros/jazzy/share/ament_cmake/cmake)
[1.672s] -- Found Python3: /usr/bin/python3 (found version "3.12.3") found components: Interpreter 
[1.861s] -- Override CMake install command with custom implementation using symlinks instead of copying resources
[1.964s] -- Found example_interfaces: 0.12.0 (/opt/ros/jazzy/share/example_interfaces/cmake)
[2.081s] -- Found rosidl_generator_c: 4.6.5 (/opt/ros/jazzy/share/rosidl_generator_c/cmake)
[2.124s] -- Found rosidl_generator_cpp: 4.6.5 (/opt/ros/jazzy/share/rosidl_generator_cpp/cmake)
[2.171s] -- Using all available rosidl_typesupport_c: rosidl_typesupport_fastrtps_c;rosidl_typesupport_introspection_c
[2.226s] -- Using all available rosidl_typesupport_cpp: rosidl_typesupport_fastrtps_cpp;rosidl_typesupport_introspection_cpp
[2.489s] -- Found rclcpp: 28.1.10 (/opt/ros/jazzy/share/rclcpp/cmake)
[2.669s] -- Found rmw_implementation_cmake: 7.3.2 (/opt/ros/jazzy/share/rmw_implementation_cmake/cmake)
[2.681s] -- Found rmw_fastrtps_cpp: 8.4.2 (/opt/ros/jazzy/share/rmw_fastrtps_cpp/cmake)
[2.929s] -- Found OpenSSL: /usr/lib/x86_64-linux-gnu/libcrypto.so (found version "3.0.13")  
[2.985s] -- Found FastRTPS: /opt/ros/jazzy/include (Required is at least version "2.13") 
[3.048s] -- Using RMW implementation 'rmw_fastrtps_cpp' as default
[3.271s] -- Found ament_lint_auto: 0.17.2 (/opt/ros/jazzy/share/ament_lint_auto/cmake)
[3.637s] -- Added test 'copyright' to check source files copyright and LICENSE
[3.641s] -- Added test 'cppcheck' to perform static code analysis on C / C++ code
[3.641s] -- Configured cppcheck include dirs: 
[3.641s] -- Configured cppcheck exclude dirs and/or files: 
[3.645s] -- Added test 'cpplint' to check C / C++ code against the Google style
[3.645s] -- Configured cpplint exclude dirs and/or files: 
[3.646s] -- Added test 'lint_cmake' to check CMake code style
[3.649s] -- Added test 'uncrustify' to check C / C++ code style
[3.649s] -- Configured uncrustify additional arguments: 
[3.651s] -- Added test 'xmllint' to check XML markup files
[3.657s] -- Configuring done (3.6s)
[3.691s] -- Generating done (0.0s)
[3.706s] -- Build files have been written to: /home/dylan-george/ros2_ws/build/examples_rclcpp_async_client
[3.746s] Invoked command in '/home/dylan-george/ros2_ws/build/examples_rclcpp_async_client' returned '0': CMAKE_PREFIX_PATH=${CMAKE_PREFIX_PATH}:/opt/ros/jazzy DEBUGINFOD_URLS=https://debuginfod.ubuntu.com /usr/bin/cmake /home/dylan-george/ros2_ws/src/examples/rclcpp/services/async_client -DAMENT_CMAKE_SYMLINK_INSTALL=1 -DCMAKE_INSTALL_PREFIX=/home/dylan-george/ros2_ws/install/examples_rclcpp_async_client
[3.746s] Invoking command in '/home/dylan-george/ros2_ws/build/examples_rclcpp_async_client': CMAKE_PREFIX_PATH=${CMAKE_PREFIX_PATH}:/opt/ros/jazzy DEBUGINFOD_URLS=https://debuginfod.ubuntu.com /usr/bin/cmake --build /home/dylan-george/ros2_ws/build/examples_rclcpp_async_client -- -j8 -l8
[3.971s] [ 50%] [32mBuilding CXX object CMakeFiles/client_main.dir/main.cpp.o[0m
[49.435s] [100%] [32m[1mLinking CXX executable client_main[0m
[50.834s] [100%] Built target client_main
[51.308s] Invoked command in '/home/dylan-george/ros2_ws/build/examples_rclcpp_async_client' returned '0': CMAKE_PREFIX_PATH=${CMAKE_PREFIX_PATH}:/opt/ros/jazzy DEBUGINFOD_URLS=https://debuginfod.ubuntu.com /usr/bin/cmake --build /home/dylan-george/ros2_ws/build/examples_rclcpp_async_client -- -j8 -l8
[51.309s] Invoking command in '/home/dylan-george/ros2_ws/build/examples_rclcpp_async_client': CMAKE_PREFIX_PATH=${CMAKE_PREFIX_PATH}:/opt/ros/jazzy DEBUGINFOD_URLS=https://debuginfod.ubuntu.com /usr/bin/cmake --install /home/dylan-george/ros2_ws/build/examples_rclcpp_async_client
[51.578s] -- Install configuration: ""
[51.582s] -- Execute custom install script
[51.582s] -- Symlinking: /home/dylan-george/ros2_ws/install/examples_rclcpp_async_client/lib/examples_rclcpp_async_client/client_main
[51.582s] -- Symlinking: /home/dylan-george/ros2_ws/install/examples_rclcpp_async_client/share/ament_index/resource_index/package_run_dependencies/examples_rclcpp_async_client
[51.583s] -- Symlinking: /home/dylan-george/ros2_ws/install/examples_rclcpp_async_client/share/ament_index/resource_index/parent_prefix_path/examples_rclcpp_async_client
[51.583s] -- Symlinking: /home/dylan-george/ros2_ws/install/examples_rclcpp_async_client/share/examples_rclcpp_async_client/environment/ament_prefix_path.sh
[51.604s] -- Symlinking: /home/dylan-george/ros2_ws/install/examples_rclcpp_async_client/share/examples_rclcpp_async_client/environment/ament_prefix_path.dsv
[51.664s] -- Symlinking: /home/dylan-george/ros2_ws/install/examples_rclcpp_async_client/share/examples_rclcpp_async_client/environment/path.sh
[51.725s] -- Symlinking: /home/dylan-george/ros2_ws/install/examples_rclcpp_async_client/share/examples_rclcpp_async_client/environment/path.dsv
[51.800s] -- Symlinking: /home/dylan-george/ros2_ws/install/examples_rclcpp_async_client/share/examples_rclcpp_async_client/local_setup.bash
[51.850s] -- Symlinking: /home/dylan-george/ros2_ws/install/examples_rclcpp_async_client/share/examples_rclcpp_async_client/local_setup.sh
[51.901s] -- Symlinking: /home/dylan-george/ros2_ws/install/examples_rclcpp_async_client/share/examples_rclcpp_async_client/local_setup.zsh
[51.960s] -- Symlinking: /home/dylan-george/ros2_ws/install/examples_rclcpp_async_client/share/examples_rclcpp_async_client/local_setup.dsv
[52.020s] -- Symlinking: /home/dylan-george/ros2_ws/install/examples_rclcpp_async_client/share/examples_rclcpp_async_client/package.dsv
[52.105s] -- Symlinking: /home/dylan-george/ros2_ws/install/examples_rclcpp_async_client/share/ament_index/resource_index/packages/examples_rclcpp_async_client
[52.181s] -- Symlinking: /home/dylan-george/ros2_ws/install/examples_rclcpp_async_client/share/examples_rclcpp_async_client/cmake/examples_rclcpp_async_clientConfig.cmake
[52.256s] -- Symlinking: /home/dylan-george/ros2_ws/install/examples_rclcpp_async_client/share/examples_rclcpp_async_client/cmake/examples_rclcpp_async_clientConfig-version.cmake
[52.281s] -- Symlinking: /home/dylan-george/ros2_ws/install/examples_rclcpp_async_client/share/examples_rclcpp_async_client/package.xml
[52.329s] Invoked command in '/home/dylan-george/ros2_ws/build/examples_rclcpp_async_client' returned '0': CMAKE_PREFIX_PATH=${CMAKE_PREFIX_PATH}:/opt/ros/jazzy DEBUGINFOD_URLS=https://debuginfod.ubuntu.com /usr/bin/cmake --install /home/dylan-george/ros2_ws/build/examples_rclcpp_async_client
