[3.265s] Invoking command in '/home/dylan-george/ros2_ws/build/examples_rclpy_minimal_action_server': DEBUGINFOD_URLS=https://debuginfod.ubuntu.com PYTHONPATH=/home/dylan-george/ros2_ws/build/examples_rclpy_minimal_action_server/prefix_override:/usr/lib/python3/dist-packages/colcon_core/task/python/colcon_distutils_commands:/home/dylan-george/ros2_ws/install/examples_rclpy_minimal_action_server/lib/python3.12/site-packages:${PYTHONPATH} /usr/bin/python3 -W ignore:setup.py install is deprecated -W ignore:easy_install command is deprecated setup.py develop --editable --build-directory /home/dylan-george/ros2_ws/build/examples_rclpy_minimal_action_server/build --no-deps symlink_data
[4.380s] running develop
[5.125s] running egg_info
[5.125s] creating examples_rclpy_minimal_action_server.egg-info
[5.201s] writing examples_rclpy_minimal_action_server.egg-info/PKG-INFO
[5.202s] writing dependency_links to examples_rclpy_minimal_action_server.egg-info/dependency_links.txt
[5.202s] writing entry points to examples_rclpy_minimal_action_server.egg-info/entry_points.txt
[5.205s] writing requirements to examples_rclpy_minimal_action_server.egg-info/requires.txt
[5.205s] writing top-level names to examples_rclpy_minimal_action_server.egg-info/top_level.txt
[5.205s] writing manifest file 'examples_rclpy_minimal_action_server.egg-info/SOURCES.txt'
[5.356s] reading manifest file 'examples_rclpy_minimal_action_server.egg-info/SOURCES.txt'
[5.357s] writing manifest file 'examples_rclpy_minimal_action_server.egg-info/SOURCES.txt'
[5.434s] running build_ext
[5.435s] Creating /home/dylan-george/ros2_ws/install/examples_rclpy_minimal_action_server/lib/python3.12/site-packages/examples-rclpy-minimal-action-server.egg-link (link to .)
[5.436s] Installing server script to /home/dylan-george/ros2_ws/install/examples_rclpy_minimal_action_server/lib/examples_rclpy_minimal_action_server
[5.437s] Installing server_defer script to /home/dylan-george/ros2_ws/install/examples_rclpy_minimal_action_server/lib/examples_rclpy_minimal_action_server
[5.437s] Installing server_not_composable script to /home/dylan-george/ros2_ws/install/examples_rclpy_minimal_action_server/lib/examples_rclpy_minimal_action_server
[5.438s] Installing server_queue_goals script to /home/dylan-george/ros2_ws/install/examples_rclpy_minimal_action_server/lib/examples_rclpy_minimal_action_server
[5.438s] Installing server_single_goal script to /home/dylan-george/ros2_ws/install/examples_rclpy_minimal_action_server/lib/examples_rclpy_minimal_action_server
[5.438s] 
[5.439s] Installed /home/dylan-george/ros2_ws/build/examples_rclpy_minimal_action_server
[5.442s] running symlink_data
[5.442s] creating /home/dylan-george/ros2_ws/install/examples_rclpy_minimal_action_server/share/ament_index
[5.442s] creating /home/dylan-george/ros2_ws/install/examples_rclpy_minimal_action_server/share/ament_index/resource_index
[5.443s] creating /home/dylan-george/ros2_ws/install/examples_rclpy_minimal_action_server/share/ament_index/resource_index/packages
[5.443s] symbolically linking /home/dylan-george/ros2_ws/build/examples_rclpy_minimal_action_server/resource/examples_rclpy_minimal_action_server -> /home/dylan-george/ros2_ws/install/examples_rclpy_minimal_action_server/share/ament_index/resource_index/packages
[5.443s] symbolically linking /home/dylan-george/ros2_ws/build/examples_rclpy_minimal_action_server/package.xml -> /home/dylan-george/ros2_ws/install/examples_rclpy_minimal_action_server/share/examples_rclpy_minimal_action_server
[5.546s] Invoked command in '/home/dylan-george/ros2_ws/build/examples_rclpy_minimal_action_server' returned '0': DEBUGINFOD_URLS=https://debuginfod.ubuntu.com PYTHONPATH=/home/dylan-george/ros2_ws/build/examples_rclpy_minimal_action_server/prefix_override:/usr/lib/python3/dist-packages/colcon_core/task/python/colcon_distutils_commands:/home/dylan-george/ros2_ws/install/examples_rclpy_minimal_action_server/lib/python3.12/site-packages:${PYTHONPATH} /usr/bin/python3 -W ignore:setup.py install is deprecated -W ignore:easy_install command is deprecated setup.py develop --editable --build-directory /home/dylan-george/ros2_ws/build/examples_rclpy_minimal_action_server/build --no-deps symlink_data
