[0.040s] Invoking command in '/home/dylan-george/ros2_ws/build/examples_rclcpp_minimal_composition': CMAKE_PREFIX_PATH=${CMAKE_PREFIX_PATH}:/opt/ros/jazzy DEBUGINFOD_URLS=https://debuginfod.ubuntu.com /usr/bin/cmake /home/dylan-george/ros2_ws/src/examples/rclcpp/composition/minimal_composition -DAMENT_CMAKE_SYMLINK_INSTALL=1 -DCMAKE_INSTALL_PREFIX=/home/dylan-george/ros2_ws/install/examples_rclcpp_minimal_composition
[0.220s] -- The C compiler identification is GNU 13.3.0
[0.477s] -- The CXX compiler identification is GNU 13.3.0
[0.535s] -- Detecting C compiler ABI info
[0.741s] -- Detecting C compiler ABI info - done
[0.775s] -- Check for working C compiler: /usr/bin/cc - skipped
[0.776s] -- Detecting C compile features
[0.777s] -- Detecting C compile features - done
[0.797s] -- Detecting CXX compiler ABI info
[1.051s] -- Detecting CXX compiler ABI info - done
[1.089s] -- Check for working CXX compiler: /usr/bin/c++ - skipped
[1.092s] -- Detecting CXX compile features
[1.092s] -- Detecting CXX compile features - done
[1.100s] -- Found ament_cmake: 2.5.4 (/opt/ros/jazzy/share/ament_cmake/cmake)
[1.492s] -- Found Python3: /usr/bin/python3 (found version "3.12.3") found components: Interpreter 
[1.724s] -- Override CMake install command with custom implementation using symlinks instead of copying resources
[1.850s] -- Found rclcpp: 28.1.10 (/opt/ros/jazzy/share/rclcpp/cmake)
[1.989s] -- Found rosidl_generator_c: 4.6.5 (/opt/ros/jazzy/share/rosidl_generator_c/cmake)
[2.040s] -- Found rosidl_generator_cpp: 4.6.5 (/opt/ros/jazzy/share/rosidl_generator_cpp/cmake)
[2.091s] -- Using all available rosidl_typesupport_c: rosidl_typesupport_fastrtps_c;rosidl_typesupport_introspection_c
[2.155s] -- Using all available rosidl_typesupport_cpp: rosidl_typesupport_fastrtps_cpp;rosidl_typesupport_introspection_cpp
[2.431s] -- Found rmw_implementation_cmake: 7.3.2 (/opt/ros/jazzy/share/rmw_implementation_cmake/cmake)
[2.444s] -- Found rmw_fastrtps_cpp: 8.4.2 (/opt/ros/jazzy/share/rmw_fastrtps_cpp/cmake)
[2.731s] -- Found OpenSSL: /usr/lib/x86_64-linux-gnu/libcrypto.so (found version "3.0.13")  
[2.790s] -- Found FastRTPS: /opt/ros/jazzy/include (Required is at least version "2.13") 
[2.858s] -- Using RMW implementation 'rmw_fastrtps_cpp' as default
[3.118s] -- Found rclcpp_components: 28.1.10 (/opt/ros/jazzy/share/rclcpp_components/cmake)
[3.273s] -- Found std_msgs: 5.3.6 (/opt/ros/jazzy/share/std_msgs/cmake)
[3.331s] -- Found ament_lint_auto: 0.17.2 (/opt/ros/jazzy/share/ament_lint_auto/cmake)
[3.661s] -- Added test 'copyright' to check source files copyright and LICENSE
[3.677s] -- Added test 'cppcheck' to perform static code analysis on C / C++ code
[3.677s] -- Configured cppcheck include dirs: /home/dylan-george/ros2_ws/src/examples/rclcpp/composition/minimal_composition/include
[3.677s] -- Configured cppcheck exclude dirs and/or files: 
[3.678s] -- Added test 'cpplint' to check C / C++ code against the Google style
[3.679s] -- Configured cpplint exclude dirs and/or files: 
[3.683s] -- Added test 'lint_cmake' to check CMake code style
[3.685s] -- Added test 'uncrustify' to check C / C++ code style
[3.686s] -- Configured uncrustify additional arguments: 
[3.687s] -- Added test 'xmllint' to check XML markup files
[3.687s] -- Configuring done (3.6s)
[3.744s] -- Generating done (0.0s)
[3.775s] -- Build files have been written to: /home/dylan-george/ros2_ws/build/examples_rclcpp_minimal_composition
[3.801s] Invoked command in '/home/dylan-george/ros2_ws/build/examples_rclcpp_minimal_composition' returned '0': CMAKE_PREFIX_PATH=${CMAKE_PREFIX_PATH}:/opt/ros/jazzy DEBUGINFOD_URLS=https://debuginfod.ubuntu.com /usr/bin/cmake /home/dylan-george/ros2_ws/src/examples/rclcpp/composition/minimal_composition -DAMENT_CMAKE_SYMLINK_INSTALL=1 -DCMAKE_INSTALL_PREFIX=/home/dylan-george/ros2_ws/install/examples_rclcpp_minimal_composition
[3.802s] Invoking command in '/home/dylan-george/ros2_ws/build/examples_rclcpp_minimal_composition': CMAKE_PREFIX_PATH=${CMAKE_PREFIX_PATH}:/opt/ros/jazzy DEBUGINFOD_URLS=https://debuginfod.ubuntu.com /usr/bin/cmake --build /home/dylan-george/ros2_ws/build/examples_rclcpp_minimal_composition -- -j8 -l8
[50.540s] [ 11%] [32mBuilding CXX object CMakeFiles/composition_nodes.dir/src/publisher_node.cpp.o[0m
[50.542s] [ 22%] [32mBuilding CXX object CMakeFiles/composition_nodes.dir/src/subscriber_node.cpp.o[0m
[69.732s] [ 33%] [32m[1mLinking CXX shared library libcomposition_nodes.so[0m
[70.477s] [ 33%] Built target composition_nodes
[70.557s] [ 44%] [32mBuilding CXX object CMakeFiles/composition_publisher.dir/src/standalone_publisher.cpp.o[0m
[78.827s] [ 55%] [32m[1mLinking CXX executable composition_publisher[0m
[79.296s] [ 55%] Built target composition_publisher
[79.355s] [ 66%] [32mBuilding CXX object CMakeFiles/composition_composed.dir/src/composed.cpp.o[0m
[85.001s] [ 77%] [32m[1mLinking CXX executable composition_composed[0m
[85.320s] [ 77%] Built target composition_composed
[85.353s] [ 88%] [32mBuilding CXX object CMakeFiles/composition_subscriber.dir/src/standalone_subscriber.cpp.o[0m
[89.985s] [100%] [32m[1mLinking CXX executable composition_subscriber[0m
[90.280s] [100%] Built target composition_subscriber
[90.322s] Invoked command in '/home/dylan-george/ros2_ws/build/examples_rclcpp_minimal_composition' returned '0': CMAKE_PREFIX_PATH=${CMAKE_PREFIX_PATH}:/opt/ros/jazzy DEBUGINFOD_URLS=https://debuginfod.ubuntu.com /usr/bin/cmake --build /home/dylan-george/ros2_ws/build/examples_rclcpp_minimal_composition -- -j8 -l8
[90.324s] Invoking command in '/home/dylan-george/ros2_ws/build/examples_rclcpp_minimal_composition': CMAKE_PREFIX_PATH=${CMAKE_PREFIX_PATH}:/opt/ros/jazzy DEBUGINFOD_URLS=https://debuginfod.ubuntu.com /usr/bin/cmake --install /home/dylan-george/ros2_ws/build/examples_rclcpp_minimal_composition
[90.335s] -- Install configuration: ""
[90.336s] -- Execute custom install script
[90.336s] -- Symlinking: /home/dylan-george/ros2_ws/install/examples_rclcpp_minimal_composition/share/examples_rclcpp_minimal_composition/environment/library_path.sh
[90.349s] -- Symlinking: /home/dylan-george/ros2_ws/install/examples_rclcpp_minimal_composition/share/examples_rclcpp_minimal_composition/environment/library_path.dsv
[90.362s] -- Symlinking: /home/dylan-george/ros2_ws/install/examples_rclcpp_minimal_composition/lib/libcomposition_nodes.so
[90.375s] -- Symlinking: /home/dylan-george/ros2_ws/install/examples_rclcpp_minimal_composition/lib/examples_rclcpp_minimal_composition/composition_publisher
[90.387s] -- Symlinking: /home/dylan-george/ros2_ws/install/examples_rclcpp_minimal_composition/lib/examples_rclcpp_minimal_composition/composition_subscriber
[90.399s] -- Symlinking: /home/dylan-george/ros2_ws/install/examples_rclcpp_minimal_composition/lib/examples_rclcpp_minimal_composition/composition_composed
[90.412s] -- Symlinking: /home/dylan-george/ros2_ws/install/examples_rclcpp_minimal_composition/share/ament_index/resource_index/package_run_dependencies/examples_rclcpp_minimal_composition
[90.424s] -- Symlinking: /home/dylan-george/ros2_ws/install/examples_rclcpp_minimal_composition/share/ament_index/resource_index/parent_prefix_path/examples_rclcpp_minimal_composition
[90.436s] -- Symlinking: /home/dylan-george/ros2_ws/install/examples_rclcpp_minimal_composition/share/examples_rclcpp_minimal_composition/environment/ament_prefix_path.sh
[90.449s] -- Symlinking: /home/dylan-george/ros2_ws/install/examples_rclcpp_minimal_composition/share/examples_rclcpp_minimal_composition/environment/ament_prefix_path.dsv
[90.461s] -- Symlinking: /home/dylan-george/ros2_ws/install/examples_rclcpp_minimal_composition/share/examples_rclcpp_minimal_composition/environment/path.sh
[90.474s] -- Symlinking: /home/dylan-george/ros2_ws/install/examples_rclcpp_minimal_composition/share/examples_rclcpp_minimal_composition/environment/path.dsv
[90.487s] -- Symlinking: /home/dylan-george/ros2_ws/install/examples_rclcpp_minimal_composition/share/examples_rclcpp_minimal_composition/local_setup.bash
[90.499s] -- Symlinking: /home/dylan-george/ros2_ws/install/examples_rclcpp_minimal_composition/share/examples_rclcpp_minimal_composition/local_setup.sh
[90.511s] -- Symlinking: /home/dylan-george/ros2_ws/install/examples_rclcpp_minimal_composition/share/examples_rclcpp_minimal_composition/local_setup.zsh
[90.524s] -- Symlinking: /home/dylan-george/ros2_ws/install/examples_rclcpp_minimal_composition/share/examples_rclcpp_minimal_composition/local_setup.dsv
[90.537s] -- Symlinking: /home/dylan-george/ros2_ws/install/examples_rclcpp_minimal_composition/share/examples_rclcpp_minimal_composition/package.dsv
[90.553s] -- Symlinking: /home/dylan-george/ros2_ws/install/examples_rclcpp_minimal_composition/share/ament_index/resource_index/packages/examples_rclcpp_minimal_composition
[90.566s] -- Symlinking: /home/dylan-george/ros2_ws/install/examples_rclcpp_minimal_composition/share/examples_rclcpp_minimal_composition/cmake/examples_rclcpp_minimal_compositionConfig.cmake
[90.578s] -- Symlinking: /home/dylan-george/ros2_ws/install/examples_rclcpp_minimal_composition/share/examples_rclcpp_minimal_composition/cmake/examples_rclcpp_minimal_compositionConfig-version.cmake
[90.590s] -- Symlinking: /home/dylan-george/ros2_ws/install/examples_rclcpp_minimal_composition/share/examples_rclcpp_minimal_composition/package.xml
[90.606s] Invoked command in '/home/dylan-george/ros2_ws/build/examples_rclcpp_minimal_composition' returned '0': CMAKE_PREFIX_PATH=${CMAKE_PREFIX_PATH}:/opt/ros/jazzy DEBUGINFOD_URLS=https://debuginfod.ubuntu.com /usr/bin/cmake --install /home/dylan-george/ros2_ws/build/examples_rclcpp_minimal_composition
