[2.971s] Invoking command in '/home/dylan-george/ros2_ws/build/examples_rclpy_minimal_client': DEBUGINFOD_URLS=https://debuginfod.ubuntu.com PYTHONPATH=/home/dylan-george/ros2_ws/build/examples_rclpy_minimal_client/prefix_override:/usr/lib/python3/dist-packages/colcon_core/task/python/colcon_distutils_commands:/home/dylan-george/ros2_ws/install/examples_rclpy_minimal_client/lib/python3.12/site-packages:${PYTHONPATH} /usr/bin/python3 -W ignore:setup.py install is deprecated -W ignore:easy_install command is deprecated setup.py develop --editable --build-directory /home/dylan-george/ros2_ws/build/examples_rclpy_minimal_client/build --no-deps symlink_data
[4.286s] running develop
[4.907s] running egg_info
[4.908s] creating examples_rclpy_minimal_client.egg-info
[4.981s] writing examples_rclpy_minimal_client.egg-info/PKG-INFO
[4.981s] writing dependency_links to examples_rclpy_minimal_client.egg-info/dependency_links.txt
[4.982s] writing entry points to examples_rclpy_minimal_client.egg-info/entry_points.txt
[4.983s] writing requirements to examples_rclpy_minimal_client.egg-info/requires.txt
[4.983s] writing top-level names to examples_rclpy_minimal_client.egg-info/top_level.txt
[4.983s] writing manifest file 'examples_rclpy_minimal_client.egg-info/SOURCES.txt'
[5.141s] reading manifest file 'examples_rclpy_minimal_client.egg-info/SOURCES.txt'
[5.142s] writing manifest file 'examples_rclpy_minimal_client.egg-info/SOURCES.txt'
[5.222s] running build_ext
[5.223s] Creating /home/dylan-george/ros2_ws/install/examples_rclpy_minimal_client/lib/python3.12/site-packages/examples-rclpy-minimal-client.egg-link (link to .)
[5.224s] Installing client script to /home/dylan-george/ros2_ws/install/examples_rclpy_minimal_client/lib/examples_rclpy_minimal_client
[5.224s] Installing client_async script to /home/dylan-george/ros2_ws/install/examples_rclpy_minimal_client/lib/examples_rclpy_minimal_client
[5.225s] Installing client_async_callback script to /home/dylan-george/ros2_ws/install/examples_rclpy_minimal_client/lib/examples_rclpy_minimal_client
[5.225s] Installing client_async_member_function script to /home/dylan-george/ros2_ws/install/examples_rclpy_minimal_client/lib/examples_rclpy_minimal_client
[5.226s] 
[5.227s] Installed /home/dylan-george/ros2_ws/build/examples_rclpy_minimal_client
[5.227s] running symlink_data
[5.227s] creating /home/dylan-george/ros2_ws/install/examples_rclpy_minimal_client/share/ament_index
[5.227s] creating /home/dylan-george/ros2_ws/install/examples_rclpy_minimal_client/share/ament_index/resource_index
[5.228s] creating /home/dylan-george/ros2_ws/install/examples_rclpy_minimal_client/share/ament_index/resource_index/packages
[5.228s] symbolically linking /home/dylan-george/ros2_ws/build/examples_rclpy_minimal_client/resource/examples_rclpy_minimal_client -> /home/dylan-george/ros2_ws/install/examples_rclpy_minimal_client/share/ament_index/resource_index/packages
[5.228s] symbolically linking /home/dylan-george/ros2_ws/build/examples_rclpy_minimal_client/package.xml -> /home/dylan-george/ros2_ws/install/examples_rclpy_minimal_client/share/examples_rclpy_minimal_client
[5.697s] Invoked command in '/home/dylan-george/ros2_ws/build/examples_rclpy_minimal_client' returned '0': DEBUGINFOD_URLS=https://debuginfod.ubuntu.com PYTHONPATH=/home/dylan-george/ros2_ws/build/examples_rclpy_minimal_client/prefix_override:/usr/lib/python3/dist-packages/colcon_core/task/python/colcon_distutils_commands:/home/dylan-george/ros2_ws/install/examples_rclpy_minimal_client/lib/python3.12/site-packages:${PYTHONPATH} /usr/bin/python3 -W ignore:setup.py install is deprecated -W ignore:easy_install command is deprecated setup.py develop --editable --build-directory /home/dylan-george/ros2_ws/build/examples_rclpy_minimal_client/build --no-deps symlink_data
