[0.044s] Invoking command in '/home/dylan-george/ros2_ws/build/examples_rclcpp_minimal_client': CMAKE_PREFIX_PATH=${CMAKE_PREFIX_PATH}:/opt/ros/jazzy DEBUGINFOD_URLS=https://debuginfod.ubuntu.com /usr/bin/cmake /home/dylan-george/ros2_ws/src/examples/rclcpp/services/minimal_client -DAMENT_CMAKE_SYMLINK_INSTALL=1 -DCMAKE_INSTALL_PREFIX=/home/dylan-george/ros2_ws/install/examples_rclcpp_minimal_client
[0.229s] -- The C compiler identification is GNU 13.3.0
[0.486s] -- The CXX compiler identification is GNU 13.3.0
[0.543s] -- Detecting C compiler ABI info
[0.749s] -- Detecting C compiler ABI info - done
[0.789s] -- Check for working C compiler: /usr/bin/cc - skipped
[0.790s] -- Detecting C compile features
[0.792s] -- Detecting C compile features - done
[0.821s] -- Detecting CXX compiler ABI info
[1.069s] -- Detecting CXX compiler ABI info - done
[1.099s] -- Check for working CXX compiler: /usr/bin/c++ - skipped
[1.099s] -- Detecting CXX compile features
[1.100s] -- Detecting CXX compile features - done
[1.109s] -- Found ament_cmake: 2.5.4 (/opt/ros/jazzy/share/ament_cmake/cmake)
[1.529s] -- Found Python3: /usr/bin/python3 (found version "3.12.3") found components: Interpreter 
[1.741s] -- Override CMake install command with custom implementation using symlinks instead of copying resources
[1.861s] -- Found example_interfaces: 0.12.0 (/opt/ros/jazzy/share/example_interfaces/cmake)
[2.008s] -- Found rosidl_generator_c: 4.6.5 (/opt/ros/jazzy/share/rosidl_generator_c/cmake)
[2.058s] -- Found rosidl_generator_cpp: 4.6.5 (/opt/ros/jazzy/share/rosidl_generator_cpp/cmake)
[2.104s] -- Using all available rosidl_typesupport_c: rosidl_typesupport_fastrtps_c;rosidl_typesupport_introspection_c
[2.163s] -- Using all available rosidl_typesupport_cpp: rosidl_typesupport_fastrtps_cpp;rosidl_typesupport_introspection_cpp
[2.456s] -- Found rclcpp: 28.1.10 (/opt/ros/jazzy/share/rclcpp/cmake)
[2.611s] -- Found rmw_implementation_cmake: 7.3.2 (/opt/ros/jazzy/share/rmw_implementation_cmake/cmake)
[2.623s] -- Found rmw_fastrtps_cpp: 8.4.2 (/opt/ros/jazzy/share/rmw_fastrtps_cpp/cmake)
[2.848s] -- Found OpenSSL: /usr/lib/x86_64-linux-gnu/libcrypto.so (found version "3.0.13")  
[2.907s] -- Found FastRTPS: /opt/ros/jazzy/include (Required is at least version "2.13") 
[2.968s] -- Using RMW implementation 'rmw_fastrtps_cpp' as default
[3.196s] -- Found ament_lint_auto: 0.17.2 (/opt/ros/jazzy/share/ament_lint_auto/cmake)
[3.595s] -- Added test 'copyright' to check source files copyright and LICENSE
[3.597s] -- Added test 'cppcheck' to perform static code analysis on C / C++ code
[3.598s] -- Configured cppcheck include dirs: 
[3.598s] -- Configured cppcheck exclude dirs and/or files: 
[3.600s] -- Added test 'cpplint' to check C / C++ code against the Google style
[3.602s] -- Configured cpplint exclude dirs and/or files: 
[3.603s] -- Added test 'lint_cmake' to check CMake code style
[3.608s] -- Added test 'uncrustify' to check C / C++ code style
[3.608s] -- Configured uncrustify additional arguments: 
[3.608s] -- Added test 'xmllint' to check XML markup files
[3.611s] -- Configuring done (3.5s)
[3.636s] -- Generating done (0.0s)
[3.646s] -- Build files have been written to: /home/dylan-george/ros2_ws/build/examples_rclcpp_minimal_client
[3.673s] Invoked command in '/home/dylan-george/ros2_ws/build/examples_rclcpp_minimal_client' returned '0': CMAKE_PREFIX_PATH=${CMAKE_PREFIX_PATH}:/opt/ros/jazzy DEBUGINFOD_URLS=https://debuginfod.ubuntu.com /usr/bin/cmake /home/dylan-george/ros2_ws/src/examples/rclcpp/services/minimal_client -DAMENT_CMAKE_SYMLINK_INSTALL=1 -DCMAKE_INSTALL_PREFIX=/home/dylan-george/ros2_ws/install/examples_rclcpp_minimal_client
[3.686s] Invoking command in '/home/dylan-george/ros2_ws/build/examples_rclcpp_minimal_client': CMAKE_PREFIX_PATH=${CMAKE_PREFIX_PATH}:/opt/ros/jazzy DEBUGINFOD_URLS=https://debuginfod.ubuntu.com /usr/bin/cmake --build /home/dylan-george/ros2_ws/build/examples_rclcpp_minimal_client -- -j8 -l8
[3.818s] [ 50%] [32mBuilding CXX object CMakeFiles/client_main.dir/main.cpp.o[0m
[49.071s] [100%] [32m[1mLinking CXX executable client_main[0m
[50.438s] [100%] Built target client_main
[50.555s] Invoked command in '/home/dylan-george/ros2_ws/build/examples_rclcpp_minimal_client' returned '0': CMAKE_PREFIX_PATH=${CMAKE_PREFIX_PATH}:/opt/ros/jazzy DEBUGINFOD_URLS=https://debuginfod.ubuntu.com /usr/bin/cmake --build /home/dylan-george/ros2_ws/build/examples_rclcpp_minimal_client -- -j8 -l8
[50.561s] Invoking command in '/home/dylan-george/ros2_ws/build/examples_rclcpp_minimal_client': CMAKE_PREFIX_PATH=${CMAKE_PREFIX_PATH}:/opt/ros/jazzy DEBUGINFOD_URLS=https://debuginfod.ubuntu.com /usr/bin/cmake --install /home/dylan-george/ros2_ws/build/examples_rclcpp_minimal_client
[50.920s] -- Install configuration: ""
[50.921s] -- Execute custom install script
[50.921s] -- Symlinking: /home/dylan-george/ros2_ws/install/examples_rclcpp_minimal_client/lib/examples_rclcpp_minimal_client/client_main
[50.921s] -- Symlinking: /home/dylan-george/ros2_ws/install/examples_rclcpp_minimal_client/share/ament_index/resource_index/package_run_dependencies/examples_rclcpp_minimal_client
[50.925s] -- Symlinking: /home/dylan-george/ros2_ws/install/examples_rclcpp_minimal_client/share/ament_index/resource_index/parent_prefix_path/examples_rclcpp_minimal_client
[50.927s] -- Symlinking: /home/dylan-george/ros2_ws/install/examples_rclcpp_minimal_client/share/examples_rclcpp_minimal_client/environment/ament_prefix_path.sh
[50.935s] -- Symlinking: /home/dylan-george/ros2_ws/install/examples_rclcpp_minimal_client/share/examples_rclcpp_minimal_client/environment/ament_prefix_path.dsv
[50.935s] -- Symlinking: /home/dylan-george/ros2_ws/install/examples_rclcpp_minimal_client/share/examples_rclcpp_minimal_client/environment/path.sh
[50.995s] -- Symlinking: /home/dylan-george/ros2_ws/install/examples_rclcpp_minimal_client/share/examples_rclcpp_minimal_client/environment/path.dsv
[51.070s] -- Symlinking: /home/dylan-george/ros2_ws/install/examples_rclcpp_minimal_client/share/examples_rclcpp_minimal_client/local_setup.bash
[51.137s] -- Symlinking: /home/dylan-george/ros2_ws/install/examples_rclcpp_minimal_client/share/examples_rclcpp_minimal_client/local_setup.sh
[51.186s] -- Symlinking: /home/dylan-george/ros2_ws/install/examples_rclcpp_minimal_client/share/examples_rclcpp_minimal_client/local_setup.zsh
[51.227s] -- Symlinking: /home/dylan-george/ros2_ws/install/examples_rclcpp_minimal_client/share/examples_rclcpp_minimal_client/local_setup.dsv
[51.258s] -- Symlinking: /home/dylan-george/ros2_ws/install/examples_rclcpp_minimal_client/share/examples_rclcpp_minimal_client/package.dsv
[51.298s] -- Symlinking: /home/dylan-george/ros2_ws/install/examples_rclcpp_minimal_client/share/ament_index/resource_index/packages/examples_rclcpp_minimal_client
[51.358s] -- Symlinking: /home/dylan-george/ros2_ws/install/examples_rclcpp_minimal_client/share/examples_rclcpp_minimal_client/cmake/examples_rclcpp_minimal_clientConfig.cmake
[51.423s] -- Symlinking: /home/dylan-george/ros2_ws/install/examples_rclcpp_minimal_client/share/examples_rclcpp_minimal_client/cmake/examples_rclcpp_minimal_clientConfig-version.cmake
[51.488s] -- Symlinking: /home/dylan-george/ros2_ws/install/examples_rclcpp_minimal_client/share/examples_rclcpp_minimal_client/package.xml
[51.554s] Invoked command in '/home/dylan-george/ros2_ws/build/examples_rclcpp_minimal_client' returned '0': CMAKE_PREFIX_PATH=${CMAKE_PREFIX_PATH}:/opt/ros/jazzy DEBUGINFOD_URLS=https://debuginfod.ubuntu.com /usr/bin/cmake --install /home/dylan-george/ros2_ws/build/examples_rclcpp_minimal_client
