[0.047s] Invoking command in '/home/dylan-george/ros2_ws/build/examples_rclcpp_minimal_action_server': CMAKE_PREFIX_PATH=${CMAKE_PREFIX_PATH}:/opt/ros/jazzy DEBUGINFOD_URLS=https://debuginfod.ubuntu.com /usr/bin/cmake /home/dylan-george/ros2_ws/src/examples/rclcpp/actions/minimal_action_server -DAMENT_CMAKE_SYMLINK_INSTALL=1 -DCMAKE_INSTALL_PREFIX=/home/dylan-george/ros2_ws/install/examples_rclcpp_minimal_action_server
[0.274s] -- The C compiler identification is GNU 13.3.0
[0.496s] -- The CXX compiler identification is GNU 13.3.0
[0.551s] -- Detecting C compiler ABI info
[0.752s] -- Detecting C compiler ABI info - done
[0.785s] -- Check for working C compiler: /usr/bin/cc - skipped
[0.787s] -- Detecting C compile features
[0.789s] -- Detecting C compile features - done
[0.813s] -- Detecting CXX compiler ABI info
[1.059s] -- Detecting CXX compiler ABI info - done
[1.087s] -- Check for working CXX compiler: /usr/bin/c++ - skipped
[1.089s] -- Detecting CXX compile features
[1.090s] -- Detecting CXX compile features - done
[1.102s] -- Found ament_cmake: 2.5.4 (/opt/ros/jazzy/share/ament_cmake/cmake)
[1.474s] -- Found Python3: /usr/bin/python3 (found version "3.12.3") found components: Interpreter 
[1.715s] -- Override CMake install command with custom implementation using symlinks instead of copying resources
[1.863s] -- Found example_interfaces: 0.12.0 (/opt/ros/jazzy/share/example_interfaces/cmake)
[2.003s] -- Found rosidl_generator_c: 4.6.5 (/opt/ros/jazzy/share/rosidl_generator_c/cmake)
[2.050s] -- Found rosidl_generator_cpp: 4.6.5 (/opt/ros/jazzy/share/rosidl_generator_cpp/cmake)
[2.111s] -- Using all available rosidl_typesupport_c: rosidl_typesupport_fastrtps_c;rosidl_typesupport_introspection_c
[2.169s] -- Using all available rosidl_typesupport_cpp: rosidl_typesupport_fastrtps_cpp;rosidl_typesupport_introspection_cpp
[2.462s] -- Found rclcpp: 28.1.10 (/opt/ros/jazzy/share/rclcpp/cmake)
[2.605s] -- Found rmw_implementation_cmake: 7.3.2 (/opt/ros/jazzy/share/rmw_implementation_cmake/cmake)
[2.615s] -- Found rmw_fastrtps_cpp: 8.4.2 (/opt/ros/jazzy/share/rmw_fastrtps_cpp/cmake)
[2.847s] -- Found OpenSSL: /usr/lib/x86_64-linux-gnu/libcrypto.so (found version "3.0.13")  
[2.910s] -- Found FastRTPS: /opt/ros/jazzy/include (Required is at least version "2.13") 
[2.958s] -- Using RMW implementation 'rmw_fastrtps_cpp' as default
[3.183s] -- Found rclcpp_action: 28.1.10 (/opt/ros/jazzy/share/rclcpp_action/cmake)
[3.249s] -- Found ament_lint_auto: 0.17.2 (/opt/ros/jazzy/share/ament_lint_auto/cmake)
[3.600s] -- Added test 'copyright' to check source files copyright and LICENSE
[3.600s] -- Added test 'cppcheck' to perform static code analysis on C / C++ code
[3.600s] -- Configured cppcheck include dirs: 
[3.601s] -- Configured cppcheck exclude dirs and/or files: 
[3.601s] -- Added test 'cpplint' to check C / C++ code against the Google style
[3.601s] -- Configured cpplint exclude dirs and/or files: 
[3.604s] -- Added test 'lint_cmake' to check CMake code style
[3.609s] -- Added test 'uncrustify' to check C / C++ code style
[3.609s] -- Configured uncrustify additional arguments: 
[3.610s] -- Added test 'xmllint' to check XML markup files
[3.615s] -- Configuring done (3.5s)
[3.651s] -- Generating done (0.0s)
[3.674s] -- Build files have been written to: /home/dylan-george/ros2_ws/build/examples_rclcpp_minimal_action_server
[3.713s] Invoked command in '/home/dylan-george/ros2_ws/build/examples_rclcpp_minimal_action_server' returned '0': CMAKE_PREFIX_PATH=${CMAKE_PREFIX_PATH}:/opt/ros/jazzy DEBUGINFOD_URLS=https://debuginfod.ubuntu.com /usr/bin/cmake /home/dylan-george/ros2_ws/src/examples/rclcpp/actions/minimal_action_server -DAMENT_CMAKE_SYMLINK_INSTALL=1 -DCMAKE_INSTALL_PREFIX=/home/dylan-george/ros2_ws/install/examples_rclcpp_minimal_action_server
[3.714s] Invoking command in '/home/dylan-george/ros2_ws/build/examples_rclcpp_minimal_action_server': CMAKE_PREFIX_PATH=${CMAKE_PREFIX_PATH}:/opt/ros/jazzy DEBUGINFOD_URLS=https://debuginfod.ubuntu.com /usr/bin/cmake --build /home/dylan-george/ros2_ws/build/examples_rclcpp_minimal_action_server -- -j8 -l8
[3.873s] [ 25%] [32mBuilding CXX object CMakeFiles/action_server_member_functions.dir/member_functions.cpp.o[0m
[3.926s] [ 50%] [32mBuilding CXX object CMakeFiles/action_server_not_composable.dir/not_composable.cpp.o[0m
[28.405s] [ 75%] [32m[1mLinking CXX executable action_server_not_composable[0m
[29.473s] [ 75%] Built target action_server_not_composable
[51.786s] [100%] [32m[1mLinking CXX executable action_server_member_functions[0m
[52.804s] [100%] Built target action_server_member_functions
[52.893s] Invoked command in '/home/dylan-george/ros2_ws/build/examples_rclcpp_minimal_action_server' returned '0': CMAKE_PREFIX_PATH=${CMAKE_PREFIX_PATH}:/opt/ros/jazzy DEBUGINFOD_URLS=https://debuginfod.ubuntu.com /usr/bin/cmake --build /home/dylan-george/ros2_ws/build/examples_rclcpp_minimal_action_server -- -j8 -l8
[52.912s] Invoking command in '/home/dylan-george/ros2_ws/build/examples_rclcpp_minimal_action_server': CMAKE_PREFIX_PATH=${CMAKE_PREFIX_PATH}:/opt/ros/jazzy DEBUGINFOD_URLS=https://debuginfod.ubuntu.com /usr/bin/cmake --install /home/dylan-george/ros2_ws/build/examples_rclcpp_minimal_action_server
[55.976s] -- Install configuration: ""
[55.976s] -- Execute custom install script
[55.977s] -- Symlinking: /home/dylan-george/ros2_ws/install/examples_rclcpp_minimal_action_server/lib/examples_rclcpp_minimal_action_server/action_server_not_composable
[55.977s] -- Symlinking: /home/dylan-george/ros2_ws/install/examples_rclcpp_minimal_action_server/lib/examples_rclcpp_minimal_action_server/action_server_member_functions
[55.977s] -- Symlinking: /home/dylan-george/ros2_ws/install/examples_rclcpp_minimal_action_server/share/ament_index/resource_index/package_run_dependencies/examples_rclcpp_minimal_action_server
[55.978s] -- Symlinking: /home/dylan-george/ros2_ws/install/examples_rclcpp_minimal_action_server/share/ament_index/resource_index/parent_prefix_path/examples_rclcpp_minimal_action_server
[55.978s] -- Symlinking: /home/dylan-george/ros2_ws/install/examples_rclcpp_minimal_action_server/share/examples_rclcpp_minimal_action_server/environment/ament_prefix_path.sh
[55.978s] -- Symlinking: /home/dylan-george/ros2_ws/install/examples_rclcpp_minimal_action_server/share/examples_rclcpp_minimal_action_server/environment/ament_prefix_path.dsv
[55.978s] -- Symlinking: /home/dylan-george/ros2_ws/install/examples_rclcpp_minimal_action_server/share/examples_rclcpp_minimal_action_server/environment/path.sh
[55.979s] -- Symlinking: /home/dylan-george/ros2_ws/install/examples_rclcpp_minimal_action_server/share/examples_rclcpp_minimal_action_server/environment/path.dsv
[55.979s] -- Symlinking: /home/dylan-george/ros2_ws/install/examples_rclcpp_minimal_action_server/share/examples_rclcpp_minimal_action_server/local_setup.bash
[55.979s] -- Symlinking: /home/dylan-george/ros2_ws/install/examples_rclcpp_minimal_action_server/share/examples_rclcpp_minimal_action_server/local_setup.sh
[55.979s] -- Symlinking: /home/dylan-george/ros2_ws/install/examples_rclcpp_minimal_action_server/share/examples_rclcpp_minimal_action_server/local_setup.zsh
[55.979s] -- Symlinking: /home/dylan-george/ros2_ws/install/examples_rclcpp_minimal_action_server/share/examples_rclcpp_minimal_action_server/local_setup.dsv
[55.980s] -- Symlinking: /home/dylan-george/ros2_ws/install/examples_rclcpp_minimal_action_server/share/examples_rclcpp_minimal_action_server/package.dsv
[55.980s] -- Symlinking: /home/dylan-george/ros2_ws/install/examples_rclcpp_minimal_action_server/share/ament_index/resource_index/packages/examples_rclcpp_minimal_action_server
[55.980s] -- Symlinking: /home/dylan-george/ros2_ws/install/examples_rclcpp_minimal_action_server/share/examples_rclcpp_minimal_action_server/cmake/examples_rclcpp_minimal_action_serverConfig.cmake
[55.980s] -- Symlinking: /home/dylan-george/ros2_ws/install/examples_rclcpp_minimal_action_server/share/examples_rclcpp_minimal_action_server/cmake/examples_rclcpp_minimal_action_serverConfig-version.cmake
[55.980s] -- Symlinking: /home/dylan-george/ros2_ws/install/examples_rclcpp_minimal_action_server/share/examples_rclcpp_minimal_action_server/package.xml
[56.007s] Invoked command in '/home/dylan-george/ros2_ws/build/examples_rclcpp_minimal_action_server' returned '0': CMAKE_PREFIX_PATH=${CMAKE_PREFIX_PATH}:/opt/ros/jazzy DEBUGINFOD_URLS=https://debuginfod.ubuntu.com /usr/bin/cmake --install /home/dylan-george/ros2_ws/build/examples_rclcpp_minimal_action_server
