[0.040s] Invoking command in '/home/dylan-george/ros2_ws/build/examples_rclcpp_minimal_publisher': CMAKE_PREFIX_PATH=${CMAKE_PREFIX_PATH}:/opt/ros/jazzy DEBUGINFOD_URLS=https://debuginfod.ubuntu.com /usr/bin/cmake /home/dylan-george/ros2_ws/src/examples/rclcpp/topics/minimal_publisher -DAMENT_CMAKE_SYMLINK_INSTALL=1 -DCMAKE_INSTALL_PREFIX=/home/dylan-george/ros2_ws/install/examples_rclcpp_minimal_publisher
[3.646s] -- The C compiler identification is GNU 13.3.0
[3.646s] -- The CXX compiler identification is GNU 13.3.0
[3.646s] -- Detecting C compiler ABI info
[3.646s] -- Detecting C compiler ABI info - done
[3.646s] -- Check for working C compiler: /usr/bin/cc - skipped
[3.647s] -- Detecting C compile features
[3.647s] -- Detecting C compile features - done
[3.647s] -- Detecting CXX compiler ABI info
[3.647s] -- Detecting CXX compiler ABI info - done
[3.647s] -- Check for working CXX compiler: /usr/bin/c++ - skipped
[3.647s] -- Detecting CXX compile features
[3.648s] -- Detecting CXX compile features - done
[3.648s] -- Found ament_cmake: 2.5.4 (/opt/ros/jazzy/share/ament_cmake/cmake)
[3.648s] -- Found Python3: /usr/bin/python3 (found version "3.12.3") found components: Interpreter 
[3.648s] -- Override CMake install command with custom implementation using symlinks instead of copying resources
[3.648s] -- Found rclcpp: 28.1.10 (/opt/ros/jazzy/share/rclcpp/cmake)
[3.649s] -- Found rosidl_generator_c: 4.6.5 (/opt/ros/jazzy/share/rosidl_generator_c/cmake)
[3.649s] -- Found rosidl_generator_cpp: 4.6.5 (/opt/ros/jazzy/share/rosidl_generator_cpp/cmake)
[3.649s] -- Using all available rosidl_typesupport_c: rosidl_typesupport_fastrtps_c;rosidl_typesupport_introspection_c
[3.650s] -- Using all available rosidl_typesupport_cpp: rosidl_typesupport_fastrtps_cpp;rosidl_typesupport_introspection_cpp
[3.650s] -- Found rmw_implementation_cmake: 7.3.2 (/opt/ros/jazzy/share/rmw_implementation_cmake/cmake)
[3.650s] -- Found rmw_fastrtps_cpp: 8.4.2 (/opt/ros/jazzy/share/rmw_fastrtps_cpp/cmake)
[3.650s] -- Found OpenSSL: /usr/lib/x86_64-linux-gnu/libcrypto.so (found version "3.0.13")  
[3.650s] -- Found FastRTPS: /opt/ros/jazzy/include (Required is at least version "2.13") 
[3.650s] -- Using RMW implementation 'rmw_fastrtps_cpp' as default
[3.651s] -- Found std_msgs: 5.3.6 (/opt/ros/jazzy/share/std_msgs/cmake)
[3.651s] -- Found ament_lint_auto: 0.17.2 (/opt/ros/jazzy/share/ament_lint_auto/cmake)
[3.651s] -- Added test 'copyright' to check source files copyright and LICENSE
[3.651s] -- Added test 'cppcheck' to perform static code analysis on C / C++ code
[3.651s] -- Configured cppcheck include dirs: 
[3.651s] -- Configured cppcheck exclude dirs and/or files: 
[3.652s] -- Added test 'cpplint' to check C / C++ code against the Google style
[3.652s] -- Configured cpplint exclude dirs and/or files: 
[3.652s] -- Added test 'lint_cmake' to check CMake code style
[3.652s] -- Added test 'uncrustify' to check C / C++ code style
[3.652s] -- Configured uncrustify additional arguments: 
[3.652s] -- Added test 'xmllint' to check XML markup files
[3.653s] -- Configuring done (3.5s)
[3.653s] -- Generating done (0.0s)
[3.654s] -- Build files have been written to: /home/dylan-george/ros2_ws/build/examples_rclcpp_minimal_publisher
[3.681s] Invoked command in '/home/dylan-george/ros2_ws/build/examples_rclcpp_minimal_publisher' returned '0': CMAKE_PREFIX_PATH=${CMAKE_PREFIX_PATH}:/opt/ros/jazzy DEBUGINFOD_URLS=https://debuginfod.ubuntu.com /usr/bin/cmake /home/dylan-george/ros2_ws/src/examples/rclcpp/topics/minimal_publisher -DAMENT_CMAKE_SYMLINK_INSTALL=1 -DCMAKE_INSTALL_PREFIX=/home/dylan-george/ros2_ws/install/examples_rclcpp_minimal_publisher
[3.692s] Invoking command in '/home/dylan-george/ros2_ws/build/examples_rclcpp_minimal_publisher': CMAKE_PREFIX_PATH=${CMAKE_PREFIX_PATH}:/opt/ros/jazzy DEBUGINFOD_URLS=https://debuginfod.ubuntu.com /usr/bin/cmake --build /home/dylan-george/ros2_ws/build/examples_rclcpp_minimal_publisher -- -j8 -l8
[3.852s] [  8%] [32mBuilding CXX object CMakeFiles/publisher_lambda.dir/lambda.cpp.o[0m
[3.859s] [ 16%] [32mBuilding CXX object CMakeFiles/publisher_not_composable.dir/not_composable.cpp.o[0m
[3.881s] [ 25%] [32mBuilding CXX object CMakeFiles/publisher_member_function_with_unique_network_flow_endpoints.dir/member_function_with_unique_network_flow_endpoints.cpp.o[0m
[3.904s] [ 33%] [32mBuilding CXX object CMakeFiles/publisher_member_function.dir/member_function.cpp.o[0m
[3.920s] [ 41%] [32mBuilding CXX object CMakeFiles/publisher_member_function_with_type_adapter.dir/member_function_with_type_adapter.cpp.o[0m
[3.938s] [ 50%] [32mBuilding CXX object CMakeFiles/publisher_wait_for_all_acked.dir/member_function_with_wait_for_all_acked.cpp.o[0m
[49.182s] [ 58%] [32m[1mLinking CXX executable publisher_lambda[0m
[49.224s] [ 66%] [32m[1mLinking CXX executable publisher_wait_for_all_acked[0m
[50.010s] [ 75%] [32m[1mLinking CXX executable publisher_not_composable[0m
[50.388s] [ 75%] Built target publisher_lambda
[50.650s] [ 75%] Built target publisher_wait_for_all_acked
[51.372s] [ 75%] Built target publisher_not_composable
[53.180s] [ 83%] [32m[1mLinking CXX executable publisher_member_function_with_type_adapter[0m
[53.914s] [ 83%] Built target publisher_member_function_with_type_adapter
[54.330s] [ 91%] [32m[1mLinking CXX executable publisher_member_function_with_unique_network_flow_endpoints[0m
[54.944s] [ 91%] Built target publisher_member_function_with_unique_network_flow_endpoints
[55.414s] [100%] [32m[1mLinking CXX executable publisher_member_function[0m
[55.880s] [100%] Built target publisher_member_function
[55.967s] Invoked command in '/home/dylan-george/ros2_ws/build/examples_rclcpp_minimal_publisher' returned '0': CMAKE_PREFIX_PATH=${CMAKE_PREFIX_PATH}:/opt/ros/jazzy DEBUGINFOD_URLS=https://debuginfod.ubuntu.com /usr/bin/cmake --build /home/dylan-george/ros2_ws/build/examples_rclcpp_minimal_publisher -- -j8 -l8
[55.987s] Invoking command in '/home/dylan-george/ros2_ws/build/examples_rclcpp_minimal_publisher': CMAKE_PREFIX_PATH=${CMAKE_PREFIX_PATH}:/opt/ros/jazzy DEBUGINFOD_URLS=https://debuginfod.ubuntu.com /usr/bin/cmake --install /home/dylan-george/ros2_ws/build/examples_rclcpp_minimal_publisher
[56.548s] -- Install configuration: ""
[56.549s] -- Execute custom install script
[56.549s] -- Symlinking: /home/dylan-george/ros2_ws/install/examples_rclcpp_minimal_publisher/lib/examples_rclcpp_minimal_publisher/publisher_lambda
[56.553s] -- Symlinking: /home/dylan-george/ros2_ws/install/examples_rclcpp_minimal_publisher/lib/examples_rclcpp_minimal_publisher/publisher_member_function
[56.554s] -- Symlinking: /home/dylan-george/ros2_ws/install/examples_rclcpp_minimal_publisher/lib/examples_rclcpp_minimal_publisher/publisher_member_function_with_type_adapter
[56.554s] -- Symlinking: /home/dylan-george/ros2_ws/install/examples_rclcpp_minimal_publisher/lib/examples_rclcpp_minimal_publisher/publisher_member_function_with_unique_network_flow_endpoints
[56.554s] -- Symlinking: /home/dylan-george/ros2_ws/install/examples_rclcpp_minimal_publisher/lib/examples_rclcpp_minimal_publisher/publisher_wait_for_all_acked
[56.555s] -- Symlinking: /home/dylan-george/ros2_ws/install/examples_rclcpp_minimal_publisher/lib/examples_rclcpp_minimal_publisher/publisher_not_composable
[56.555s] -- Symlinking: /home/dylan-george/ros2_ws/install/examples_rclcpp_minimal_publisher/share/ament_index/resource_index/package_run_dependencies/examples_rclcpp_minimal_publisher
[56.555s] -- Symlinking: /home/dylan-george/ros2_ws/install/examples_rclcpp_minimal_publisher/share/ament_index/resource_index/parent_prefix_path/examples_rclcpp_minimal_publisher
[56.555s] -- Symlinking: /home/dylan-george/ros2_ws/install/examples_rclcpp_minimal_publisher/share/examples_rclcpp_minimal_publisher/environment/ament_prefix_path.sh
[56.556s] -- Symlinking: /home/dylan-george/ros2_ws/install/examples_rclcpp_minimal_publisher/share/examples_rclcpp_minimal_publisher/environment/ament_prefix_path.dsv
[56.556s] -- Symlinking: /home/dylan-george/ros2_ws/install/examples_rclcpp_minimal_publisher/share/examples_rclcpp_minimal_publisher/environment/path.sh
[56.556s] -- Symlinking: /home/dylan-george/ros2_ws/install/examples_rclcpp_minimal_publisher/share/examples_rclcpp_minimal_publisher/environment/path.dsv
[56.556s] -- Symlinking: /home/dylan-george/ros2_ws/install/examples_rclcpp_minimal_publisher/share/examples_rclcpp_minimal_publisher/local_setup.bash
[56.560s] -- Symlinking: /home/dylan-george/ros2_ws/install/examples_rclcpp_minimal_publisher/share/examples_rclcpp_minimal_publisher/local_setup.sh
[56.560s] -- Symlinking: /home/dylan-george/ros2_ws/install/examples_rclcpp_minimal_publisher/share/examples_rclcpp_minimal_publisher/local_setup.zsh
[56.561s] -- Symlinking: /home/dylan-george/ros2_ws/install/examples_rclcpp_minimal_publisher/share/examples_rclcpp_minimal_publisher/local_setup.dsv
[56.561s] -- Symlinking: /home/dylan-george/ros2_ws/install/examples_rclcpp_minimal_publisher/share/examples_rclcpp_minimal_publisher/package.dsv
[56.563s] -- Symlinking: /home/dylan-george/ros2_ws/install/examples_rclcpp_minimal_publisher/share/ament_index/resource_index/packages/examples_rclcpp_minimal_publisher
[56.564s] -- Symlinking: /home/dylan-george/ros2_ws/install/examples_rclcpp_minimal_publisher/share/examples_rclcpp_minimal_publisher/cmake/examples_rclcpp_minimal_publisherConfig.cmake
[56.570s] -- Symlinking: /home/dylan-george/ros2_ws/install/examples_rclcpp_minimal_publisher/share/examples_rclcpp_minimal_publisher/cmake/examples_rclcpp_minimal_publisherConfig-version.cmake
[56.595s] -- Symlinking: /home/dylan-george/ros2_ws/install/examples_rclcpp_minimal_publisher/share/examples_rclcpp_minimal_publisher/package.xml
[56.650s] Invoked command in '/home/dylan-george/ros2_ws/build/examples_rclcpp_minimal_publisher' returned '0': CMAKE_PREFIX_PATH=${CMAKE_PREFIX_PATH}:/opt/ros/jazzy DEBUGINFOD_URLS=https://debuginfod.ubuntu.com /usr/bin/cmake --install /home/dylan-george/ros2_ws/build/examples_rclcpp_minimal_publisher
