[2.589s] Invoking command in '/home/dylan-george/ros2_ws/build/examples_rclpy_pointcloud_publisher': DEBUGINFOD_URLS=https://debuginfod.ubuntu.com PYTHONPATH=/home/dylan-george/ros2_ws/build/examples_rclpy_pointcloud_publisher/prefix_override:/usr/lib/python3/dist-packages/colcon_core/task/python/colcon_distutils_commands:/home/dylan-george/ros2_ws/install/examples_rclpy_pointcloud_publisher/lib/python3.12/site-packages:${PYTHONPATH} /usr/bin/python3 -W ignore:setup.py install is deprecated -W ignore:easy_install command is deprecated setup.py develop --editable --build-directory /home/dylan-george/ros2_ws/build/examples_rclpy_pointcloud_publisher/build --no-deps symlink_data
[3.752s] running develop
[4.416s] running egg_info
[4.417s] creating examples_rclpy_pointcloud_publisher.egg-info
[4.490s] writing examples_rclpy_pointcloud_publisher.egg-info/PKG-INFO
[4.490s] writing dependency_links to examples_rclpy_pointcloud_publisher.egg-info/dependency_links.txt
[4.492s] writing entry points to examples_rclpy_pointcloud_publisher.egg-info/entry_points.txt
[4.492s] writing requirements to examples_rclpy_pointcloud_publisher.egg-info/requires.txt
[4.492s] writing top-level names to examples_rclpy_pointcloud_publisher.egg-info/top_level.txt
[4.492s] writing manifest file 'examples_rclpy_pointcloud_publisher.egg-info/SOURCES.txt'
[4.643s] reading manifest file 'examples_rclpy_pointcloud_publisher.egg-info/SOURCES.txt'
[4.645s] writing manifest file 'examples_rclpy_pointcloud_publisher.egg-info/SOURCES.txt'
[4.723s] running build_ext
[4.723s] Creating /home/dylan-george/ros2_ws/install/examples_rclpy_pointcloud_publisher/lib/python3.12/site-packages/examples-rclpy-pointcloud-publisher.egg-link (link to .)
[4.726s] Installing pointcloud_publisher script to /home/dylan-george/ros2_ws/install/examples_rclpy_pointcloud_publisher/lib/examples_rclpy_pointcloud_publisher
[4.726s] 
[4.726s] Installed /home/dylan-george/ros2_ws/build/examples_rclpy_pointcloud_publisher
[4.726s] running symlink_data
[4.727s] creating /home/dylan-george/ros2_ws/install/examples_rclpy_pointcloud_publisher/share/ament_index
[4.727s] creating /home/dylan-george/ros2_ws/install/examples_rclpy_pointcloud_publisher/share/ament_index/resource_index
[4.727s] creating /home/dylan-george/ros2_ws/install/examples_rclpy_pointcloud_publisher/share/ament_index/resource_index/packages
[4.727s] symbolically linking /home/dylan-george/ros2_ws/build/examples_rclpy_pointcloud_publisher/resource/examples_rclpy_pointcloud_publisher -> /home/dylan-george/ros2_ws/install/examples_rclpy_pointcloud_publisher/share/ament_index/resource_index/packages
[4.727s] symbolically linking /home/dylan-george/ros2_ws/build/examples_rclpy_pointcloud_publisher/package.xml -> /home/dylan-george/ros2_ws/install/examples_rclpy_pointcloud_publisher/share/examples_rclpy_pointcloud_publisher
[4.806s] Invoked command in '/home/dylan-george/ros2_ws/build/examples_rclpy_pointcloud_publisher' returned '0': DEBUGINFOD_URLS=https://debuginfod.ubuntu.com PYTHONPATH=/home/dylan-george/ros2_ws/build/examples_rclpy_pointcloud_publisher/prefix_override:/usr/lib/python3/dist-packages/colcon_core/task/python/colcon_distutils_commands:/home/dylan-george/ros2_ws/install/examples_rclpy_pointcloud_publisher/lib/python3.12/site-packages:${PYTHONPATH} /usr/bin/python3 -W ignore:setup.py install is deprecated -W ignore:easy_install command is deprecated setup.py develop --editable --build-directory /home/dylan-george/ros2_ws/build/examples_rclpy_pointcloud_publisher/build --no-deps symlink_data
