[5.341s] Invoking command in '/home/dylan-george/ros2_ws/build/examples_rclpy_guard_conditions': DEBUGINFOD_URLS=https://debuginfod.ubuntu.com PYTHONPATH=/home/dylan-george/ros2_ws/build/examples_rclpy_guard_conditions/prefix_override:/usr/lib/python3/dist-packages/colcon_core/task/python/colcon_distutils_commands:/home/dylan-george/ros2_ws/install/examples_rclpy_guard_conditions/lib/python3.12/site-packages:${PYTHONPATH} /usr/bin/python3 -W ignore:setup.py install is deprecated -W ignore:easy_install command is deprecated setup.py develop --editable --build-directory /home/dylan-george/ros2_ws/build/examples_rclpy_guard_conditions/build --no-deps symlink_data
[12.283s] running develop
[12.284s] running egg_info
[12.284s] creating examples_rclpy_guard_conditions.egg-info
[12.284s] writing examples_rclpy_guard_conditions.egg-info/PKG-INFO
[12.285s] writing dependency_links to examples_rclpy_guard_conditions.egg-info/dependency_links.txt
[12.285s] writing entry points to examples_rclpy_guard_conditions.egg-info/entry_points.txt
[12.285s] writing requirements to examples_rclpy_guard_conditions.egg-info/requires.txt
[12.285s] writing top-level names to examples_rclpy_guard_conditions.egg-info/top_level.txt
[12.286s] writing manifest file 'examples_rclpy_guard_conditions.egg-info/SOURCES.txt'
[12.286s] reading manifest file 'examples_rclpy_guard_conditions.egg-info/SOURCES.txt'
[12.286s] writing manifest file 'examples_rclpy_guard_conditions.egg-info/SOURCES.txt'
[12.286s] running build_ext
[12.286s] Creating /home/dylan-george/ros2_ws/install/examples_rclpy_guard_conditions/lib/python3.12/site-packages/examples-rclpy-guard-conditions.egg-link (link to .)
[12.287s] Installing trigger_guard_condition script to /home/dylan-george/ros2_ws/install/examples_rclpy_guard_conditions/lib/examples_rclpy_guard_conditions
[12.287s] 
[12.287s] Installed /home/dylan-george/ros2_ws/build/examples_rclpy_guard_conditions
[12.287s] running symlink_data
[12.288s] creating /home/dylan-george/ros2_ws/install/examples_rclpy_guard_conditions/share/ament_index
[12.288s] creating /home/dylan-george/ros2_ws/install/examples_rclpy_guard_conditions/share/ament_index/resource_index
[12.289s] creating /home/dylan-george/ros2_ws/install/examples_rclpy_guard_conditions/share/ament_index/resource_index/packages
[12.289s] symbolically linking /home/dylan-george/ros2_ws/build/examples_rclpy_guard_conditions/resource/examples_rclpy_guard_conditions -> /home/dylan-george/ros2_ws/install/examples_rclpy_guard_conditions/share/ament_index/resource_index/packages
[12.289s] symbolically linking /home/dylan-george/ros2_ws/build/examples_rclpy_guard_conditions/package.xml -> /home/dylan-george/ros2_ws/install/examples_rclpy_guard_conditions/share/examples_rclpy_guard_conditions
[12.289s] Invoked command in '/home/dylan-george/ros2_ws/build/examples_rclpy_guard_conditions' returned '0': DEBUGINFOD_URLS=https://debuginfod.ubuntu.com PYTHONPATH=/home/dylan-george/ros2_ws/build/examples_rclpy_guard_conditions/prefix_override:/usr/lib/python3/dist-packages/colcon_core/task/python/colcon_distutils_commands:/home/dylan-george/ros2_ws/install/examples_rclpy_guard_conditions/lib/python3.12/site-packages:${PYTHONPATH} /usr/bin/python3 -W ignore:setup.py install is deprecated -W ignore:easy_install command is deprecated setup.py develop --editable --build-directory /home/dylan-george/ros2_ws/build/examples_rclpy_guard_conditions/build --no-deps symlink_data
