[3.429s] Invoking command in '/home/dylan-george/ros2_ws/build/examples_rclpy_minimal_action_client': DEBUGINFOD_URLS=https://debuginfod.ubuntu.com PYTHONPATH=/home/dylan-george/ros2_ws/build/examples_rclpy_minimal_action_client/prefix_override:/usr/lib/python3/dist-packages/colcon_core/task/python/colcon_distutils_commands:/home/dylan-george/ros2_ws/install/examples_rclpy_minimal_action_client/lib/python3.12/site-packages:${PYTHONPATH} /usr/bin/python3 -W ignore:setup.py install is deprecated -W ignore:easy_install command is deprecated setup.py develop --editable --build-directory /home/dylan-george/ros2_ws/build/examples_rclpy_minimal_action_client/build --no-deps symlink_data
[5.608s] running develop
[5.608s] running egg_info
[5.608s] creating examples_rclpy_minimal_action_client.egg-info
[5.608s] writing examples_rclpy_minimal_action_client.egg-info/PKG-INFO
[5.609s] writing dependency_links to examples_rclpy_minimal_action_client.egg-info/dependency_links.txt
[5.609s] writing entry points to examples_rclpy_minimal_action_client.egg-info/entry_points.txt
[5.609s] writing requirements to examples_rclpy_minimal_action_client.egg-info/requires.txt
[5.609s] writing top-level names to examples_rclpy_minimal_action_client.egg-info/top_level.txt
[5.610s] writing manifest file 'examples_rclpy_minimal_action_client.egg-info/SOURCES.txt'
[5.610s] reading manifest file 'examples_rclpy_minimal_action_client.egg-info/SOURCES.txt'
[5.610s] writing manifest file 'examples_rclpy_minimal_action_client.egg-info/SOURCES.txt'
[5.615s] running build_ext
[5.615s] Creating /home/dylan-george/ros2_ws/install/examples_rclpy_minimal_action_client/lib/python3.12/site-packages/examples-rclpy-minimal-action-client.egg-link (link to .)
[5.615s] Installing client script to /home/dylan-george/ros2_ws/install/examples_rclpy_minimal_action_client/lib/examples_rclpy_minimal_action_client
[5.615s] Installing client_asyncio script to /home/dylan-george/ros2_ws/install/examples_rclpy_minimal_action_client/lib/examples_rclpy_minimal_action_client
[5.616s] Installing client_cancel script to /home/dylan-george/ros2_ws/install/examples_rclpy_minimal_action_client/lib/examples_rclpy_minimal_action_client
[5.616s] Installing client_not_composable script to /home/dylan-george/ros2_ws/install/examples_rclpy_minimal_action_client/lib/examples_rclpy_minimal_action_client
[5.616s] 
[5.616s] Installed /home/dylan-george/ros2_ws/build/examples_rclpy_minimal_action_client
[5.617s] running symlink_data
[5.617s] creating /home/dylan-george/ros2_ws/install/examples_rclpy_minimal_action_client/share/ament_index
[5.617s] creating /home/dylan-george/ros2_ws/install/examples_rclpy_minimal_action_client/share/ament_index/resource_index
[5.617s] creating /home/dylan-george/ros2_ws/install/examples_rclpy_minimal_action_client/share/ament_index/resource_index/packages
[5.618s] symbolically linking /home/dylan-george/ros2_ws/build/examples_rclpy_minimal_action_client/resource/examples_rclpy_minimal_action_client -> /home/dylan-george/ros2_ws/install/examples_rclpy_minimal_action_client/share/ament_index/resource_index/packages
[5.618s] symbolically linking /home/dylan-george/ros2_ws/build/examples_rclpy_minimal_action_client/package.xml -> /home/dylan-george/ros2_ws/install/examples_rclpy_minimal_action_client/share/examples_rclpy_minimal_action_client
[5.661s] Invoked command in '/home/dylan-george/ros2_ws/build/examples_rclpy_minimal_action_client' returned '0': DEBUGINFOD_URLS=https://debuginfod.ubuntu.com PYTHONPATH=/home/dylan-george/ros2_ws/build/examples_rclpy_minimal_action_client/prefix_override:/usr/lib/python3/dist-packages/colcon_core/task/python/colcon_distutils_commands:/home/dylan-george/ros2_ws/install/examples_rclpy_minimal_action_client/lib/python3.12/site-packages:${PYTHONPATH} /usr/bin/python3 -W ignore:setup.py install is deprecated -W ignore:easy_install command is deprecated setup.py develop --editable --build-directory /home/dylan-george/ros2_ws/build/examples_rclpy_minimal_action_client/build --no-deps symlink_data
