[0.019s] Invoking command in '/home/dylan-george/ros2_ws/build/examples_rclcpp_wait_set': CMAKE_PREFIX_PATH=${CMAKE_PREFIX_PATH}:/opt/ros/jazzy DEBUGINFOD_URLS=https://debuginfod.ubuntu.com /usr/bin/cmake /home/dylan-george/ros2_ws/src/examples/rclcpp/wait_set -DAMENT_CMAKE_SYMLINK_INSTALL=1 -DCMAKE_INSTALL_PREFIX=/home/dylan-george/ros2_ws/install/examples_rclcpp_wait_set
[0.599s] -- The C compiler identification is GNU 13.3.0
[0.599s] -- The CXX compiler identification is GNU 13.3.0
[0.600s] -- Detecting C compiler ABI info
[0.687s] -- Detecting C compiler ABI info - done
[0.721s] -- Check for working C compiler: /usr/bin/cc - skipped
[0.722s] -- Detecting C compile features
[0.725s] -- Detecting C compile features - done
[0.746s] -- Detecting CXX compiler ABI info
[0.984s] -- Detecting CXX compiler ABI info - done
[1.012s] -- Check for working CXX compiler: /usr/bin/c++ - skipped
[1.013s] -- Detecting CXX compile features
[1.015s] -- Detecting CXX compile features - done
[1.026s] -- Found ament_cmake: 2.5.4 (/opt/ros/jazzy/share/ament_cmake/cmake)
[1.513s] -- Found Python3: /usr/bin/python3 (found version "3.12.3") found components: Interpreter 
[1.740s] -- Override CMake install command with custom implementation using symlinks instead of copying resources
[1.960s] -- Found example_interfaces: 0.12.0 (/opt/ros/jazzy/share/example_interfaces/cmake)
[2.158s] -- Found rosidl_generator_c: 4.6.5 (/opt/ros/jazzy/share/rosidl_generator_c/cmake)
[2.211s] -- Found rosidl_generator_cpp: 4.6.5 (/opt/ros/jazzy/share/rosidl_generator_cpp/cmake)
[2.274s] -- Using all available rosidl_typesupport_c: rosidl_typesupport_fastrtps_c;rosidl_typesupport_introspection_c
[2.347s] -- Using all available rosidl_typesupport_cpp: rosidl_typesupport_fastrtps_cpp;rosidl_typesupport_introspection_cpp
[2.765s] -- Found rclcpp: 28.1.10 (/opt/ros/jazzy/share/rclcpp/cmake)
[2.975s] -- Found rmw_implementation_cmake: 7.3.2 (/opt/ros/jazzy/share/rmw_implementation_cmake/cmake)
[2.991s] -- Found rmw_fastrtps_cpp: 8.4.2 (/opt/ros/jazzy/share/rmw_fastrtps_cpp/cmake)
[3.340s] -- Found OpenSSL: /usr/lib/x86_64-linux-gnu/libcrypto.so (found version "3.0.13")  
[3.450s] -- Found FastRTPS: /opt/ros/jazzy/include (Required is at least version "2.13") 
[3.577s] -- Using RMW implementation 'rmw_fastrtps_cpp' as default
[4.094s] -- Found rclcpp_components: 28.1.10 (/opt/ros/jazzy/share/rclcpp_components/cmake)
[4.335s] -- Found std_msgs: 5.3.6 (/opt/ros/jazzy/share/std_msgs/cmake)
[4.429s] -- Found ament_lint_auto: 0.17.2 (/opt/ros/jazzy/share/ament_lint_auto/cmake)
[5.020s] -- Added test 'copyright' to check source files copyright and LICENSE
[5.028s] -- Added test 'cppcheck' to perform static code analysis on C / C++ code
[5.036s] -- Configured cppcheck include dirs: /home/dylan-george/ros2_ws/src/examples/rclcpp/wait_set/include
[5.036s] -- Configured cppcheck exclude dirs and/or files: 
[5.041s] -- Added test 'cpplint' to check C / C++ code against the Google style
[5.041s] -- Configured cpplint exclude dirs and/or files: 
[5.053s] -- Added test 'lint_cmake' to check CMake code style
[5.057s] -- Added test 'uncrustify' to check C / C++ code style
[5.059s] -- Configured uncrustify additional arguments: 
[5.062s] -- Added test 'xmllint' to check XML markup files
[5.070s] -- Configuring done (5.0s)
[5.198s] -- Generating done (0.1s)
[5.254s] -- Build files have been written to: /home/dylan-george/ros2_ws/build/examples_rclcpp_wait_set
[5.289s] Invoked command in '/home/dylan-george/ros2_ws/build/examples_rclcpp_wait_set' returned '0': CMAKE_PREFIX_PATH=${CMAKE_PREFIX_PATH}:/opt/ros/jazzy DEBUGINFOD_URLS=https://debuginfod.ubuntu.com /usr/bin/cmake /home/dylan-george/ros2_ws/src/examples/rclcpp/wait_set -DAMENT_CMAKE_SYMLINK_INSTALL=1 -DCMAKE_INSTALL_PREFIX=/home/dylan-george/ros2_ws/install/examples_rclcpp_wait_set
[5.294s] Invoking command in '/home/dylan-george/ros2_ws/build/examples_rclcpp_wait_set': CMAKE_PREFIX_PATH=${CMAKE_PREFIX_PATH}:/opt/ros/jazzy DEBUGINFOD_URLS=https://debuginfod.ubuntu.com /usr/bin/cmake --build /home/dylan-george/ros2_ws/build/examples_rclcpp_wait_set -- -j8 -l8
[5.447s] [  4%] [32mBuilding CXX object CMakeFiles/talker.dir/src/talker.cpp.o[0m
[18.789s] [  8%] [32m[1mLinking CXX shared library libtalker.so[0m
[19.210s] [  8%] Built target talker
[19.263s] [ 12%] [32mBuilding CXX object CMakeFiles/wait_set_topics_and_timer.dir/src/wait_set_topics_and_timer.cpp.o[0m
[35.375s] [ 16%] [32m[1mLinking CXX executable wait_set_topics_and_timer[0m
[35.781s] [ 16%] Built target wait_set_topics_and_timer
[35.809s] [ 20%] [32mBuilding CXX object CMakeFiles/wait_set_random_order.dir/src/wait_set_random_order.cpp.o[0m
[48.603s] [ 25%] [32m[1mLinking CXX executable wait_set_random_order[0m
[49.033s] [ 25%] Built target wait_set_random_order
[49.062s] [ 29%] [32mBuilding CXX object CMakeFiles/executor_random_order.dir/src/executor_random_order.cpp.o[0m
[60.585s] [ 33%] [32m[1mLinking CXX executable executor_random_order[0m
[60.973s] [ 33%] Built target executor_random_order
[61.002s] [ 37%] [32mBuilding CXX object CMakeFiles/wait_set_topics_with_different_rates.dir/src/wait_set_topics_with_different_rates.cpp.o[0m
[73.677s] [ 41%] [32m[1mLinking CXX executable wait_set_topics_with_different_rates[0m
[74.177s] [ 41%] Built target wait_set_topics_with_different_rates
[74.218s] [ 45%] [32mBuilding CXX object CMakeFiles/static_wait_set.dir/src/static_wait_set.cpp.o[0m
[74.221s] [ 50%] [32mBuilding CXX object CMakeFiles/thread_safe_wait_set.dir/src/thread_safe_wait_set.cpp.o[0m
[74.222s] [ 54%] [32mBuilding CXX object CMakeFiles/wait_set.dir/src/wait_set.cpp.o[0m
[90.899s] [ 58%] [32m[1mLinking CXX executable static_wait_set[0m
[91.607s] [ 58%] Built target static_wait_set
[91.674s] [ 62%] [32mBuilding CXX object CMakeFiles/wait_set_listener.dir/rclcpp_components/node_main_wait_set_listener.cpp.o[0m
[95.584s] [ 66%] [32m[1mLinking CXX executable wait_set[0m
[96.353s] [ 70%] [32m[1mLinking CXX executable thread_safe_wait_set[0m
[96.419s] [ 70%] Built target wait_set
[96.457s] [ 75%] [32mBuilding CXX object CMakeFiles/listener.dir/src/listener.cpp.o[0m
[97.160s] [ 75%] Built target thread_safe_wait_set
[97.202s] [ 79%] [32mBuilding CXX object CMakeFiles/wait_set_talker.dir/rclcpp_components/node_main_wait_set_talker.cpp.o[0m
[99.744s] [ 83%] [32m[1mLinking CXX executable wait_set_listener[0m
[100.061s] [ 83%] Built target wait_set_listener
[103.464s] [ 87%] [32m[1mLinking CXX executable wait_set_talker[0m
[103.672s] [ 87%] Built target wait_set_talker
[110.946s] [ 91%] [32m[1mLinking CXX shared library liblistener.so[0m
[111.379s] [ 91%] Built target listener
[111.406s] [ 95%] [32mBuilding CXX object CMakeFiles/wait_set_composed.dir/src/wait_set_composed.cpp.o[0m
[115.349s] [100%] [32m[1mLinking CXX executable wait_set_composed[0m
[115.655s] [100%] Built target wait_set_composed
[115.671s] Invoked command in '/home/dylan-george/ros2_ws/build/examples_rclcpp_wait_set' returned '0': CMAKE_PREFIX_PATH=${CMAKE_PREFIX_PATH}:/opt/ros/jazzy DEBUGINFOD_URLS=https://debuginfod.ubuntu.com /usr/bin/cmake --build /home/dylan-george/ros2_ws/build/examples_rclcpp_wait_set -- -j8 -l8
[115.673s] Invoking command in '/home/dylan-george/ros2_ws/build/examples_rclcpp_wait_set': CMAKE_PREFIX_PATH=${CMAKE_PREFIX_PATH}:/opt/ros/jazzy DEBUGINFOD_URLS=https://debuginfod.ubuntu.com /usr/bin/cmake --install /home/dylan-george/ros2_ws/build/examples_rclcpp_wait_set
[115.684s] -- Install configuration: ""
[115.685s] -- Execute custom install script
[115.685s] -- Symlinking: /home/dylan-george/ros2_ws/install/examples_rclcpp_wait_set/lib/examples_rclcpp_wait_set/wait_set_talker
[115.699s] -- Symlinking: /home/dylan-george/ros2_ws/install/examples_rclcpp_wait_set/lib/examples_rclcpp_wait_set/wait_set_listener
[115.712s] -- Symlinking: /home/dylan-george/ros2_ws/install/examples_rclcpp_wait_set/lib/libtalker.so
[115.724s] -- Symlinking: /home/dylan-george/ros2_ws/install/examples_rclcpp_wait_set/lib/liblistener.so
[115.738s] -- Symlinking: /home/dylan-george/ros2_ws/install/examples_rclcpp_wait_set/lib/examples_rclcpp_wait_set/wait_set
[115.750s] -- Symlinking: /home/dylan-george/ros2_ws/install/examples_rclcpp_wait_set/lib/examples_rclcpp_wait_set/static_wait_set
[115.763s] -- Symlinking: /home/dylan-george/ros2_ws/install/examples_rclcpp_wait_set/lib/examples_rclcpp_wait_set/thread_safe_wait_set
[115.779s] -- Symlinking: /home/dylan-george/ros2_ws/install/examples_rclcpp_wait_set/lib/examples_rclcpp_wait_set/wait_set_topics_and_timer
[115.796s] -- Symlinking: /home/dylan-george/ros2_ws/install/examples_rclcpp_wait_set/lib/examples_rclcpp_wait_set/wait_set_random_order
[115.812s] -- Symlinking: /home/dylan-george/ros2_ws/install/examples_rclcpp_wait_set/lib/examples_rclcpp_wait_set/executor_random_order
[115.829s] -- Symlinking: /home/dylan-george/ros2_ws/install/examples_rclcpp_wait_set/lib/examples_rclcpp_wait_set/wait_set_topics_with_different_rates
[115.845s] -- Symlinking: /home/dylan-george/ros2_ws/install/examples_rclcpp_wait_set/lib/examples_rclcpp_wait_set/wait_set_composed
[115.861s] -- Symlinking: /home/dylan-george/ros2_ws/install/examples_rclcpp_wait_set/share/ament_index/resource_index/package_run_dependencies/examples_rclcpp_wait_set
[115.878s] -- Symlinking: /home/dylan-george/ros2_ws/install/examples_rclcpp_wait_set/share/ament_index/resource_index/parent_prefix_path/examples_rclcpp_wait_set
[115.894s] -- Symlinking: /home/dylan-george/ros2_ws/install/examples_rclcpp_wait_set/share/examples_rclcpp_wait_set/environment/ament_prefix_path.sh
[115.910s] -- Symlinking: /home/dylan-george/ros2_ws/install/examples_rclcpp_wait_set/share/examples_rclcpp_wait_set/environment/ament_prefix_path.dsv
[115.922s] -- Symlinking: /home/dylan-george/ros2_ws/install/examples_rclcpp_wait_set/share/examples_rclcpp_wait_set/environment/path.sh
[115.934s] -- Symlinking: /home/dylan-george/ros2_ws/install/examples_rclcpp_wait_set/share/examples_rclcpp_wait_set/environment/path.dsv
[115.946s] -- Symlinking: /home/dylan-george/ros2_ws/install/examples_rclcpp_wait_set/share/examples_rclcpp_wait_set/local_setup.bash
[115.957s] -- Symlinking: /home/dylan-george/ros2_ws/install/examples_rclcpp_wait_set/share/examples_rclcpp_wait_set/local_setup.sh
[115.969s] -- Symlinking: /home/dylan-george/ros2_ws/install/examples_rclcpp_wait_set/share/examples_rclcpp_wait_set/local_setup.zsh
[115.980s] -- Symlinking: /home/dylan-george/ros2_ws/install/examples_rclcpp_wait_set/share/examples_rclcpp_wait_set/local_setup.dsv
[115.991s] -- Symlinking: /home/dylan-george/ros2_ws/install/examples_rclcpp_wait_set/share/examples_rclcpp_wait_set/package.dsv
[116.003s] -- Symlinking: /home/dylan-george/ros2_ws/install/examples_rclcpp_wait_set/share/ament_index/resource_index/packages/examples_rclcpp_wait_set
[116.014s] -- Symlinking: /home/dylan-george/ros2_ws/install/examples_rclcpp_wait_set/share/ament_index/resource_index/rclcpp_components/examples_rclcpp_wait_set
[116.025s] -- Symlinking: /home/dylan-george/ros2_ws/install/examples_rclcpp_wait_set/share/examples_rclcpp_wait_set/cmake/examples_rclcpp_wait_setConfig.cmake
[116.037s] -- Symlinking: /home/dylan-george/ros2_ws/install/examples_rclcpp_wait_set/share/examples_rclcpp_wait_set/cmake/examples_rclcpp_wait_setConfig-version.cmake
[116.048s] -- Symlinking: /home/dylan-george/ros2_ws/install/examples_rclcpp_wait_set/share/examples_rclcpp_wait_set/package.xml
[116.062s] Invoked command in '/home/dylan-george/ros2_ws/build/examples_rclcpp_wait_set' returned '0': CMAKE_PREFIX_PATH=${CMAKE_PREFIX_PATH}:/opt/ros/jazzy DEBUGINFOD_URLS=https://debuginfod.ubuntu.com /usr/bin/cmake --install /home/dylan-george/ros2_ws/build/examples_rclcpp_wait_set
