[0.040s] Invoking command in '/home/dylan-george/ros2_ws/build/examples_rclcpp_minimal_service': CMAKE_PREFIX_PATH=${CMAKE_PREFIX_PATH}:/opt/ros/jazzy DEBUGINFOD_URLS=https://debuginfod.ubuntu.com /usr/bin/cmake /home/dylan-george/ros2_ws/src/examples/rclcpp/services/minimal_service -DAMENT_CMAKE_SYMLINK_INSTALL=1 -DCMAKE_INSTALL_PREFIX=/home/dylan-george/ros2_ws/install/examples_rclcpp_minimal_service
[3.655s] -- The C compiler identification is GNU 13.3.0
[3.655s] -- The CXX compiler identification is GNU 13.3.0
[3.657s] -- Detecting C compiler ABI info
[3.657s] -- Detecting C compiler ABI info - done
[3.657s] -- Check for working C compiler: /usr/bin/cc - skipped
[3.657s] -- Detecting C compile features
[3.658s] -- Detecting C compile features - done
[3.659s] -- Detecting CXX compiler ABI info
[3.659s] -- Detecting CXX compiler ABI info - done
[3.659s] -- Check for working CXX compiler: /usr/bin/c++ - skipped
[3.660s] -- Detecting CXX compile features
[3.660s] -- Detecting CXX compile features - done
[3.660s] -- Found ament_cmake: 2.5.4 (/opt/ros/jazzy/share/ament_cmake/cmake)
[3.660s] -- Found Python3: /usr/bin/python3 (found version "3.12.3") found components: Interpreter 
[3.660s] -- Override CMake install command with custom implementation using symlinks instead of copying resources
[3.661s] -- Found example_interfaces: 0.12.0 (/opt/ros/jazzy/share/example_interfaces/cmake)
[3.661s] -- Found rosidl_generator_c: 4.6.5 (/opt/ros/jazzy/share/rosidl_generator_c/cmake)
[3.661s] -- Found rosidl_generator_cpp: 4.6.5 (/opt/ros/jazzy/share/rosidl_generator_cpp/cmake)
[3.661s] -- Using all available rosidl_typesupport_c: rosidl_typesupport_fastrtps_c;rosidl_typesupport_introspection_c
[3.661s] -- Using all available rosidl_typesupport_cpp: rosidl_typesupport_fastrtps_cpp;rosidl_typesupport_introspection_cpp
[3.662s] -- Found rclcpp: 28.1.10 (/opt/ros/jazzy/share/rclcpp/cmake)
[3.662s] -- Found rmw_implementation_cmake: 7.3.2 (/opt/ros/jazzy/share/rmw_implementation_cmake/cmake)
[3.662s] -- Found rmw_fastrtps_cpp: 8.4.2 (/opt/ros/jazzy/share/rmw_fastrtps_cpp/cmake)
[3.662s] -- Found OpenSSL: /usr/lib/x86_64-linux-gnu/libcrypto.so (found version "3.0.13")  
[3.662s] -- Found FastRTPS: /opt/ros/jazzy/include (Required is at least version "2.13") 
[3.662s] -- Using RMW implementation 'rmw_fastrtps_cpp' as default
[3.662s] -- Found ament_lint_auto: 0.17.2 (/opt/ros/jazzy/share/ament_lint_auto/cmake)
[3.662s] -- Added test 'copyright' to check source files copyright and LICENSE
[3.663s] -- Added test 'cppcheck' to perform static code analysis on C / C++ code
[3.663s] -- Configured cppcheck include dirs: 
[3.663s] -- Configured cppcheck exclude dirs and/or files: 
[3.663s] -- Added test 'cpplint' to check C / C++ code against the Google style
[3.663s] -- Configured cpplint exclude dirs and/or files: 
[3.663s] -- Added test 'lint_cmake' to check CMake code style
[3.663s] -- Added test 'uncrustify' to check C / C++ code style
[3.664s] -- Configured uncrustify additional arguments: 
[3.665s] -- Added test 'xmllint' to check XML markup files
[3.665s] -- Configuring done (3.5s)
[3.665s] -- Generating done (0.0s)
[3.665s] -- Build files have been written to: /home/dylan-george/ros2_ws/build/examples_rclcpp_minimal_service
[3.671s] Invoked command in '/home/dylan-george/ros2_ws/build/examples_rclcpp_minimal_service' returned '0': CMAKE_PREFIX_PATH=${CMAKE_PREFIX_PATH}:/opt/ros/jazzy DEBUGINFOD_URLS=https://debuginfod.ubuntu.com /usr/bin/cmake /home/dylan-george/ros2_ws/src/examples/rclcpp/services/minimal_service -DAMENT_CMAKE_SYMLINK_INSTALL=1 -DCMAKE_INSTALL_PREFIX=/home/dylan-george/ros2_ws/install/examples_rclcpp_minimal_service
[3.672s] Invoking command in '/home/dylan-george/ros2_ws/build/examples_rclcpp_minimal_service': CMAKE_PREFIX_PATH=${CMAKE_PREFIX_PATH}:/opt/ros/jazzy DEBUGINFOD_URLS=https://debuginfod.ubuntu.com /usr/bin/cmake --build /home/dylan-george/ros2_ws/build/examples_rclcpp_minimal_service -- -j8 -l8
[3.854s] [ 50%] [32mBuilding CXX object CMakeFiles/service_main.dir/main.cpp.o[0m
[45.071s] [100%] [32m[1mLinking CXX executable service_main[0m
[46.168s] [100%] Built target service_main
[46.440s] Invoked command in '/home/dylan-george/ros2_ws/build/examples_rclcpp_minimal_service' returned '0': CMAKE_PREFIX_PATH=${CMAKE_PREFIX_PATH}:/opt/ros/jazzy DEBUGINFOD_URLS=https://debuginfod.ubuntu.com /usr/bin/cmake --build /home/dylan-george/ros2_ws/build/examples_rclcpp_minimal_service -- -j8 -l8
[46.589s] Invoking command in '/home/dylan-george/ros2_ws/build/examples_rclcpp_minimal_service': CMAKE_PREFIX_PATH=${CMAKE_PREFIX_PATH}:/opt/ros/jazzy DEBUGINFOD_URLS=https://debuginfod.ubuntu.com /usr/bin/cmake --install /home/dylan-george/ros2_ws/build/examples_rclcpp_minimal_service
[50.865s] -- Install configuration: ""
[50.866s] -- Execute custom install script
[50.866s] -- Symlinking: /home/dylan-george/ros2_ws/install/examples_rclcpp_minimal_service/lib/examples_rclcpp_minimal_service/service_main
[50.866s] -- Symlinking: /home/dylan-george/ros2_ws/install/examples_rclcpp_minimal_service/share/ament_index/resource_index/package_run_dependencies/examples_rclcpp_minimal_service
[50.869s] -- Symlinking: /home/dylan-george/ros2_ws/install/examples_rclcpp_minimal_service/share/ament_index/resource_index/parent_prefix_path/examples_rclcpp_minimal_service
[50.869s] -- Symlinking: /home/dylan-george/ros2_ws/install/examples_rclcpp_minimal_service/share/examples_rclcpp_minimal_service/environment/ament_prefix_path.sh
[50.870s] -- Symlinking: /home/dylan-george/ros2_ws/install/examples_rclcpp_minimal_service/share/examples_rclcpp_minimal_service/environment/ament_prefix_path.dsv
[50.883s] -- Symlinking: /home/dylan-george/ros2_ws/install/examples_rclcpp_minimal_service/share/examples_rclcpp_minimal_service/environment/path.sh
[50.885s] -- Symlinking: /home/dylan-george/ros2_ws/install/examples_rclcpp_minimal_service/share/examples_rclcpp_minimal_service/environment/path.dsv
[50.891s] -- Symlinking: /home/dylan-george/ros2_ws/install/examples_rclcpp_minimal_service/share/examples_rclcpp_minimal_service/local_setup.bash
[50.892s] -- Symlinking: /home/dylan-george/ros2_ws/install/examples_rclcpp_minimal_service/share/examples_rclcpp_minimal_service/local_setup.sh
[50.892s] -- Symlinking: /home/dylan-george/ros2_ws/install/examples_rclcpp_minimal_service/share/examples_rclcpp_minimal_service/local_setup.zsh
[50.893s] -- Symlinking: /home/dylan-george/ros2_ws/install/examples_rclcpp_minimal_service/share/examples_rclcpp_minimal_service/local_setup.dsv
[50.893s] -- Symlinking: /home/dylan-george/ros2_ws/install/examples_rclcpp_minimal_service/share/examples_rclcpp_minimal_service/package.dsv
[50.893s] -- Symlinking: /home/dylan-george/ros2_ws/install/examples_rclcpp_minimal_service/share/ament_index/resource_index/packages/examples_rclcpp_minimal_service
[50.893s] -- Symlinking: /home/dylan-george/ros2_ws/install/examples_rclcpp_minimal_service/share/examples_rclcpp_minimal_service/cmake/examples_rclcpp_minimal_serviceConfig.cmake
[50.897s] -- Symlinking: /home/dylan-george/ros2_ws/install/examples_rclcpp_minimal_service/share/examples_rclcpp_minimal_service/cmake/examples_rclcpp_minimal_serviceConfig-version.cmake
[50.900s] -- Symlinking: /home/dylan-george/ros2_ws/install/examples_rclcpp_minimal_service/share/examples_rclcpp_minimal_service/package.xml
[50.908s] Invoked command in '/home/dylan-george/ros2_ws/build/examples_rclcpp_minimal_service' returned '0': CMAKE_PREFIX_PATH=${CMAKE_PREFIX_PATH}:/opt/ros/jazzy DEBUGINFOD_URLS=https://debuginfod.ubuntu.com /usr/bin/cmake --install /home/dylan-george/ros2_ws/build/examples_rclcpp_minimal_service
