[0.052s] Invoking command in '/home/dylan-george/ros2_ws/build/examples_rclcpp_minimal_action_client': CMAKE_PREFIX_PATH=${CMAKE_PREFIX_PATH}:/opt/ros/jazzy DEBUGINFOD_URLS=https://debuginfod.ubuntu.com /usr/bin/cmake /home/dylan-george/ros2_ws/src/examples/rclcpp/actions/minimal_action_client -DAMENT_CMAKE_SYMLINK_INSTALL=1 -DCMAKE_INSTALL_PREFIX=/home/dylan-george/ros2_ws/install/examples_rclcpp_minimal_action_client
[0.284s] -- The C compiler identification is GNU 13.3.0
[0.509s] -- The CXX compiler identification is GNU 13.3.0
[0.558s] -- Detecting C compiler ABI info
[0.761s] -- Detecting C compiler ABI info - done
[0.796s] -- Check for working C compiler: /usr/bin/cc - skipped
[0.797s] -- Detecting C compile features
[0.798s] -- Detecting C compile features - done
[0.820s] -- Detecting CXX compiler ABI info
[1.073s] -- Detecting CXX compiler ABI info - done
[1.114s] -- Check for working CXX compiler: /usr/bin/c++ - skipped
[1.114s] -- Detecting CXX compile features
[1.119s] -- Detecting CXX compile features - done
[1.126s] -- Found ament_cmake: 2.5.4 (/opt/ros/jazzy/share/ament_cmake/cmake)
[1.526s] -- Found Python3: /usr/bin/python3 (found version "3.12.3") found components: Interpreter 
[1.726s] -- Override CMake install command with custom implementation using symlinks instead of copying resources
[1.868s] -- Found example_interfaces: 0.12.0 (/opt/ros/jazzy/share/example_interfaces/cmake)
[2.014s] -- Found rosidl_generator_c: 4.6.5 (/opt/ros/jazzy/share/rosidl_generator_c/cmake)
[2.064s] -- Found rosidl_generator_cpp: 4.6.5 (/opt/ros/jazzy/share/rosidl_generator_cpp/cmake)
[2.114s] -- Using all available rosidl_typesupport_c: rosidl_typesupport_fastrtps_c;rosidl_typesupport_introspection_c
[2.177s] -- Using all available rosidl_typesupport_cpp: rosidl_typesupport_fastrtps_cpp;rosidl_typesupport_introspection_cpp
[2.465s] -- Found rclcpp: 28.1.10 (/opt/ros/jazzy/share/rclcpp/cmake)
[2.619s] -- Found rmw_implementation_cmake: 7.3.2 (/opt/ros/jazzy/share/rmw_implementation_cmake/cmake)
[2.629s] -- Found rmw_fastrtps_cpp: 8.4.2 (/opt/ros/jazzy/share/rmw_fastrtps_cpp/cmake)
[2.858s] -- Found OpenSSL: /usr/lib/x86_64-linux-gnu/libcrypto.so (found version "3.0.13")  
[2.922s] -- Found FastRTPS: /opt/ros/jazzy/include (Required is at least version "2.13") 
[2.985s] -- Using RMW implementation 'rmw_fastrtps_cpp' as default
[3.233s] -- Found rclcpp_action: 28.1.10 (/opt/ros/jazzy/share/rclcpp_action/cmake)
[3.294s] -- Found ament_lint_auto: 0.17.2 (/opt/ros/jazzy/share/ament_lint_auto/cmake)
[3.636s] -- Added test 'copyright' to check source files copyright and LICENSE
[3.637s] -- Added test 'cppcheck' to perform static code analysis on C / C++ code
[3.637s] -- Configured cppcheck include dirs: 
[3.637s] -- Configured cppcheck exclude dirs and/or files: 
[3.641s] -- Added test 'cpplint' to check C / C++ code against the Google style
[3.642s] -- Configured cpplint exclude dirs and/or files: 
[3.642s] -- Added test 'lint_cmake' to check CMake code style
[3.644s] -- Added test 'uncrustify' to check C / C++ code style
[3.644s] -- Configured uncrustify additional arguments: 
[3.646s] -- Added test 'xmllint' to check XML markup files
[3.651s] -- Configuring done (3.6s)
[3.711s] -- Generating done (0.0s)
[3.738s] -- Build files have been written to: /home/dylan-george/ros2_ws/build/examples_rclcpp_minimal_action_client
[3.770s] Invoked command in '/home/dylan-george/ros2_ws/build/examples_rclcpp_minimal_action_client' returned '0': CMAKE_PREFIX_PATH=${CMAKE_PREFIX_PATH}:/opt/ros/jazzy DEBUGINFOD_URLS=https://debuginfod.ubuntu.com /usr/bin/cmake /home/dylan-george/ros2_ws/src/examples/rclcpp/actions/minimal_action_client -DAMENT_CMAKE_SYMLINK_INSTALL=1 -DCMAKE_INSTALL_PREFIX=/home/dylan-george/ros2_ws/install/examples_rclcpp_minimal_action_client
[3.775s] Invoking command in '/home/dylan-george/ros2_ws/build/examples_rclcpp_minimal_action_client': CMAKE_PREFIX_PATH=${CMAKE_PREFIX_PATH}:/opt/ros/jazzy DEBUGINFOD_URLS=https://debuginfod.ubuntu.com /usr/bin/cmake --build /home/dylan-george/ros2_ws/build/examples_rclcpp_minimal_action_client -- -j8 -l8
[46.442s] [ 12%] [32mBuilding CXX object CMakeFiles/action_client_member_functions.dir/member_functions.cpp.o[0m
[46.458s] [ 25%] [32mBuilding CXX object CMakeFiles/action_client_not_composable.dir/not_composable.cpp.o[0m
[46.463s] [ 37%] [32mBuilding CXX object CMakeFiles/action_client_not_composable_with_feedback.dir/not_composable_with_feedback.cpp.o[0m
[46.464s] [ 50%] [32mBuilding CXX object CMakeFiles/action_client_not_composable_with_cancel.dir/not_composable_with_cancel.cpp.o[0m
[52.159s] [ 62%] [32m[1mLinking CXX executable action_client_not_composable[0m
[53.145s] [ 62%] Built target action_client_not_composable
[54.229s] [ 75%] [32m[1mLinking CXX executable action_client_not_composable_with_cancel[0m
[54.905s] [ 75%] Built target action_client_not_composable_with_cancel
[55.342s] [ 87%] [32m[1mLinking CXX executable action_client_member_functions[0m
[55.355s] [100%] [32m[1mLinking CXX executable action_client_not_composable_with_feedback[0m
[55.816s] [100%] Built target action_client_not_composable_with_feedback
[55.902s] [100%] Built target action_client_member_functions
[55.984s] Invoked command in '/home/dylan-george/ros2_ws/build/examples_rclcpp_minimal_action_client' returned '0': CMAKE_PREFIX_PATH=${CMAKE_PREFIX_PATH}:/opt/ros/jazzy DEBUGINFOD_URLS=https://debuginfod.ubuntu.com /usr/bin/cmake --build /home/dylan-george/ros2_ws/build/examples_rclcpp_minimal_action_client -- -j8 -l8
[55.994s] Invoking command in '/home/dylan-george/ros2_ws/build/examples_rclcpp_minimal_action_client': CMAKE_PREFIX_PATH=${CMAKE_PREFIX_PATH}:/opt/ros/jazzy DEBUGINFOD_URLS=https://debuginfod.ubuntu.com /usr/bin/cmake --install /home/dylan-george/ros2_ws/build/examples_rclcpp_minimal_action_client
[56.032s] -- Install configuration: ""
[56.035s] -- Execute custom install script
[56.038s] -- Symlinking: /home/dylan-george/ros2_ws/install/examples_rclcpp_minimal_action_client/lib/examples_rclcpp_minimal_action_client/action_client_member_functions
[56.063s] -- Symlinking: /home/dylan-george/ros2_ws/install/examples_rclcpp_minimal_action_client/lib/examples_rclcpp_minimal_action_client/action_client_not_composable
[56.079s] -- Symlinking: /home/dylan-george/ros2_ws/install/examples_rclcpp_minimal_action_client/lib/examples_rclcpp_minimal_action_client/action_client_not_composable_with_cancel
[56.101s] -- Symlinking: /home/dylan-george/ros2_ws/install/examples_rclcpp_minimal_action_client/lib/examples_rclcpp_minimal_action_client/action_client_not_composable_with_feedback
[56.125s] -- Symlinking: /home/dylan-george/ros2_ws/install/examples_rclcpp_minimal_action_client/share/ament_index/resource_index/package_run_dependencies/examples_rclcpp_minimal_action_client
[56.164s] -- Symlinking: /home/dylan-george/ros2_ws/install/examples_rclcpp_minimal_action_client/share/ament_index/resource_index/parent_prefix_path/examples_rclcpp_minimal_action_client
[56.208s] -- Symlinking: /home/dylan-george/ros2_ws/install/examples_rclcpp_minimal_action_client/share/examples_rclcpp_minimal_action_client/environment/ament_prefix_path.sh
[56.227s] -- Symlinking: /home/dylan-george/ros2_ws/install/examples_rclcpp_minimal_action_client/share/examples_rclcpp_minimal_action_client/environment/ament_prefix_path.dsv
[56.258s] -- Symlinking: /home/dylan-george/ros2_ws/install/examples_rclcpp_minimal_action_client/share/examples_rclcpp_minimal_action_client/environment/path.sh
[56.281s] -- Symlinking: /home/dylan-george/ros2_ws/install/examples_rclcpp_minimal_action_client/share/examples_rclcpp_minimal_action_client/environment/path.dsv
[56.304s] -- Symlinking: /home/dylan-george/ros2_ws/install/examples_rclcpp_minimal_action_client/share/examples_rclcpp_minimal_action_client/local_setup.bash
[56.335s] -- Symlinking: /home/dylan-george/ros2_ws/install/examples_rclcpp_minimal_action_client/share/examples_rclcpp_minimal_action_client/local_setup.sh
[56.355s] -- Symlinking: /home/dylan-george/ros2_ws/install/examples_rclcpp_minimal_action_client/share/examples_rclcpp_minimal_action_client/local_setup.zsh
[56.382s] -- Symlinking: /home/dylan-george/ros2_ws/install/examples_rclcpp_minimal_action_client/share/examples_rclcpp_minimal_action_client/local_setup.dsv
[56.400s] -- Symlinking: /home/dylan-george/ros2_ws/install/examples_rclcpp_minimal_action_client/share/examples_rclcpp_minimal_action_client/package.dsv
[56.433s] -- Symlinking: /home/dylan-george/ros2_ws/install/examples_rclcpp_minimal_action_client/share/ament_index/resource_index/packages/examples_rclcpp_minimal_action_client
[56.465s] -- Symlinking: /home/dylan-george/ros2_ws/install/examples_rclcpp_minimal_action_client/share/examples_rclcpp_minimal_action_client/cmake/examples_rclcpp_minimal_action_clientConfig.cmake
[56.501s] -- Symlinking: /home/dylan-george/ros2_ws/install/examples_rclcpp_minimal_action_client/share/examples_rclcpp_minimal_action_client/cmake/examples_rclcpp_minimal_action_clientConfig-version.cmake
[56.545s] -- Symlinking: /home/dylan-george/ros2_ws/install/examples_rclcpp_minimal_action_client/share/examples_rclcpp_minimal_action_client/package.xml
[56.593s] Invoked command in '/home/dylan-george/ros2_ws/build/examples_rclcpp_minimal_action_client' returned '0': CMAKE_PREFIX_PATH=${CMAKE_PREFIX_PATH}:/opt/ros/jazzy DEBUGINFOD_URLS=https://debuginfod.ubuntu.com /usr/bin/cmake --install /home/dylan-george/ros2_ws/build/examples_rclcpp_minimal_action_client
