[0.066s] Invoking command in '/home/dylan-george/ros2_ws/build/examples_rclcpp_minimal_timer': CMAKE_PREFIX_PATH=${CMAKE_PREFIX_PATH}:/opt/ros/jazzy DEBUGINFOD_URLS=https://debuginfod.ubuntu.com /usr/bin/cmake /home/dylan-george/ros2_ws/src/examples/rclcpp/timers/minimal_timer -DAMENT_CMAKE_SYMLINK_INSTALL=1 -DCMAKE_INSTALL_PREFIX=/home/dylan-george/ros2_ws/install/examples_rclcpp_minimal_timer
[1.225s] -- The C compiler identification is GNU 13.3.0
[1.234s] -- The CXX compiler identification is GNU 13.3.0
[1.234s] -- Detecting C compiler ABI info
[1.243s] -- Detecting C compiler ABI info - done
[1.312s] -- Check for working C compiler: /usr/bin/cc - skipped
[1.317s] -- Detecting C compile features
[1.317s] -- Detecting C compile features - done
[1.359s] -- Detecting CXX compiler ABI info
[1.865s] -- Detecting CXX compiler ABI info - done
[1.906s] -- Check for working CXX compiler: /usr/bin/c++ - skipped
[1.908s] -- Detecting CXX compile features
[1.910s] -- Detecting CXX compile features - done
[1.982s] -- Found ament_cmake: 2.5.4 (/opt/ros/jazzy/share/ament_cmake/cmake)
[2.807s] -- Found Python3: /usr/bin/python3 (found version "3.12.3") found components: Interpreter 
[3.315s] -- Override CMake install command with custom implementation using symlinks instead of copying resources
[3.558s] -- Found rclcpp: 28.1.10 (/opt/ros/jazzy/share/rclcpp/cmake)
[3.814s] -- Found rosidl_generator_c: 4.6.5 (/opt/ros/jazzy/share/rosidl_generator_c/cmake)
[3.923s] -- Found rosidl_generator_cpp: 4.6.5 (/opt/ros/jazzy/share/rosidl_generator_cpp/cmake)
[4.071s] -- Using all available rosidl_typesupport_c: rosidl_typesupport_fastrtps_c;rosidl_typesupport_introspection_c
[4.178s] -- Using all available rosidl_typesupport_cpp: rosidl_typesupport_fastrtps_cpp;rosidl_typesupport_introspection_cpp
[4.530s] -- Found rmw_implementation_cmake: 7.3.2 (/opt/ros/jazzy/share/rmw_implementation_cmake/cmake)
[4.556s] -- Found rmw_fastrtps_cpp: 8.4.2 (/opt/ros/jazzy/share/rmw_fastrtps_cpp/cmake)
[4.984s] -- Found OpenSSL: /usr/lib/x86_64-linux-gnu/libcrypto.so (found version "3.0.13")  
[5.058s] -- Found FastRTPS: /opt/ros/jazzy/include (Required is at least version "2.13") 
[5.122s] -- Using RMW implementation 'rmw_fastrtps_cpp' as default
[5.564s] -- Found ament_lint_auto: 0.17.2 (/opt/ros/jazzy/share/ament_lint_auto/cmake)
[6.171s] -- Added test 'copyright' to check source files copyright and LICENSE
[6.176s] -- Added test 'cppcheck' to perform static code analysis on C / C++ code
[6.177s] -- Configured cppcheck include dirs: 
[6.177s] -- Configured cppcheck exclude dirs and/or files: 
[6.183s] -- Added test 'cpplint' to check C / C++ code against the Google style
[6.184s] -- Configured cpplint exclude dirs and/or files: 
[6.186s] -- Added test 'lint_cmake' to check CMake code style
[6.186s] -- Added test 'uncrustify' to check C / C++ code style
[6.186s] -- Configured uncrustify additional arguments: 
[6.189s] -- Added test 'xmllint' to check XML markup files
[6.201s] -- Configuring done (6.1s)
[6.269s] -- Generating done (0.0s)
[6.297s] -- Build files have been written to: /home/dylan-george/ros2_ws/build/examples_rclcpp_minimal_timer
[6.355s] Invoked command in '/home/dylan-george/ros2_ws/build/examples_rclcpp_minimal_timer' returned '0': CMAKE_PREFIX_PATH=${CMAKE_PREFIX_PATH}:/opt/ros/jazzy DEBUGINFOD_URLS=https://debuginfod.ubuntu.com /usr/bin/cmake /home/dylan-george/ros2_ws/src/examples/rclcpp/timers/minimal_timer -DAMENT_CMAKE_SYMLINK_INSTALL=1 -DCMAKE_INSTALL_PREFIX=/home/dylan-george/ros2_ws/install/examples_rclcpp_minimal_timer
[6.356s] Invoking command in '/home/dylan-george/ros2_ws/build/examples_rclcpp_minimal_timer': CMAKE_PREFIX_PATH=${CMAKE_PREFIX_PATH}:/opt/ros/jazzy DEBUGINFOD_URLS=https://debuginfod.ubuntu.com /usr/bin/cmake --build /home/dylan-george/ros2_ws/build/examples_rclcpp_minimal_timer -- -j8 -l8
[7.076s] [ 25%] [32mBuilding CXX object CMakeFiles/timer_lambda.dir/lambda.cpp.o[0m
[17.328s] [ 50%] [32m[1mLinking CXX executable timer_lambda[0m
[17.588s] [ 50%] Built target timer_lambda
[17.634s] [ 75%] [32mBuilding CXX object CMakeFiles/timer_member_function.dir/member_function.cpp.o[0m
[24.934s] [100%] [32m[1mLinking CXX executable timer_member_function[0m
[25.233s] [100%] Built target timer_member_function
[25.333s] Invoked command in '/home/dylan-george/ros2_ws/build/examples_rclcpp_minimal_timer' returned '0': CMAKE_PREFIX_PATH=${CMAKE_PREFIX_PATH}:/opt/ros/jazzy DEBUGINFOD_URLS=https://debuginfod.ubuntu.com /usr/bin/cmake --build /home/dylan-george/ros2_ws/build/examples_rclcpp_minimal_timer -- -j8 -l8
[25.335s] Invoking command in '/home/dylan-george/ros2_ws/build/examples_rclcpp_minimal_timer': CMAKE_PREFIX_PATH=${CMAKE_PREFIX_PATH}:/opt/ros/jazzy DEBUGINFOD_URLS=https://debuginfod.ubuntu.com /usr/bin/cmake --install /home/dylan-george/ros2_ws/build/examples_rclcpp_minimal_timer
[25.354s] -- Install configuration: ""
[25.355s] -- Execute custom install script
[25.356s] -- Symlinking: /home/dylan-george/ros2_ws/install/examples_rclcpp_minimal_timer/lib/examples_rclcpp_minimal_timer/timer_lambda
[25.376s] -- Symlinking: /home/dylan-george/ros2_ws/install/examples_rclcpp_minimal_timer/lib/examples_rclcpp_minimal_timer/timer_member_function
[25.396s] -- Symlinking: /home/dylan-george/ros2_ws/install/examples_rclcpp_minimal_timer/share/ament_index/resource_index/package_run_dependencies/examples_rclcpp_minimal_timer
[25.416s] -- Symlinking: /home/dylan-george/ros2_ws/install/examples_rclcpp_minimal_timer/share/ament_index/resource_index/parent_prefix_path/examples_rclcpp_minimal_timer
[25.437s] -- Symlinking: /home/dylan-george/ros2_ws/install/examples_rclcpp_minimal_timer/share/examples_rclcpp_minimal_timer/environment/ament_prefix_path.sh
[25.455s] -- Symlinking: /home/dylan-george/ros2_ws/install/examples_rclcpp_minimal_timer/share/examples_rclcpp_minimal_timer/environment/ament_prefix_path.dsv
[25.475s] -- Symlinking: /home/dylan-george/ros2_ws/install/examples_rclcpp_minimal_timer/share/examples_rclcpp_minimal_timer/environment/path.sh
[25.496s] -- Symlinking: /home/dylan-george/ros2_ws/install/examples_rclcpp_minimal_timer/share/examples_rclcpp_minimal_timer/environment/path.dsv
[25.530s] -- Symlinking: /home/dylan-george/ros2_ws/install/examples_rclcpp_minimal_timer/share/examples_rclcpp_minimal_timer/local_setup.bash
[25.534s] -- Symlinking: /home/dylan-george/ros2_ws/install/examples_rclcpp_minimal_timer/share/examples_rclcpp_minimal_timer/local_setup.sh
[25.554s] -- Symlinking: /home/dylan-george/ros2_ws/install/examples_rclcpp_minimal_timer/share/examples_rclcpp_minimal_timer/local_setup.zsh
[25.575s] -- Symlinking: /home/dylan-george/ros2_ws/install/examples_rclcpp_minimal_timer/share/examples_rclcpp_minimal_timer/local_setup.dsv
[25.595s] -- Symlinking: /home/dylan-george/ros2_ws/install/examples_rclcpp_minimal_timer/share/examples_rclcpp_minimal_timer/package.dsv
[25.616s] -- Symlinking: /home/dylan-george/ros2_ws/install/examples_rclcpp_minimal_timer/share/ament_index/resource_index/packages/examples_rclcpp_minimal_timer
[25.639s] -- Symlinking: /home/dylan-george/ros2_ws/install/examples_rclcpp_minimal_timer/share/examples_rclcpp_minimal_timer/cmake/examples_rclcpp_minimal_timerConfig.cmake
[25.656s] -- Symlinking: /home/dylan-george/ros2_ws/install/examples_rclcpp_minimal_timer/share/examples_rclcpp_minimal_timer/cmake/examples_rclcpp_minimal_timerConfig-version.cmake
[25.676s] -- Symlinking: /home/dylan-george/ros2_ws/install/examples_rclcpp_minimal_timer/share/examples_rclcpp_minimal_timer/package.xml
[25.700s] Invoked command in '/home/dylan-george/ros2_ws/build/examples_rclcpp_minimal_timer' returned '0': CMAKE_PREFIX_PATH=${CMAKE_PREFIX_PATH}:/opt/ros/jazzy DEBUGINFOD_URLS=https://debuginfod.ubuntu.com /usr/bin/cmake --install /home/dylan-george/ros2_ws/build/examples_rclcpp_minimal_timer
