[3.388s] Invoking command in '/home/dylan-george/ros2_ws/build/examples_rclpy_minimal_publisher': DEBUGINFOD_URLS=https://debuginfod.ubuntu.com PYTHONPATH=/home/dylan-george/ros2_ws/build/examples_rclpy_minimal_publisher/prefix_override:/usr/lib/python3/dist-packages/colcon_core/task/python/colcon_distutils_commands:/home/dylan-george/ros2_ws/install/examples_rclpy_minimal_publisher/lib/python3.12/site-packages:${PYTHONPATH} /usr/bin/python3 -W ignore:setup.py install is deprecated -W ignore:easy_install command is deprecated setup.py develop --editable --build-directory /home/dylan-george/ros2_ws/build/examples_rclpy_minimal_publisher/build --no-deps symlink_data
[4.533s] running develop
[5.235s] running egg_info
[5.236s] creating examples_rclpy_minimal_publisher.egg-info
[5.306s] writing examples_rclpy_minimal_publisher.egg-info/PKG-INFO
[5.306s] writing dependency_links to examples_rclpy_minimal_publisher.egg-info/dependency_links.txt
[5.307s] writing entry points to examples_rclpy_minimal_publisher.egg-info/entry_points.txt
[5.307s] writing requirements to examples_rclpy_minimal_publisher.egg-info/requires.txt
[5.308s] writing top-level names to examples_rclpy_minimal_publisher.egg-info/top_level.txt
[5.309s] writing manifest file 'examples_rclpy_minimal_publisher.egg-info/SOURCES.txt'
[5.526s] reading manifest file 'examples_rclpy_minimal_publisher.egg-info/SOURCES.txt'
[5.526s] writing manifest file 'examples_rclpy_minimal_publisher.egg-info/SOURCES.txt'
[5.608s] running build_ext
[5.608s] Creating /home/dylan-george/ros2_ws/install/examples_rclpy_minimal_publisher/lib/python3.12/site-packages/examples-rclpy-minimal-publisher.egg-link (link to .)
[5.610s] Installing publisher_local_function script to /home/dylan-george/ros2_ws/install/examples_rclpy_minimal_publisher/lib/examples_rclpy_minimal_publisher
[5.610s] Installing publisher_member_function script to /home/dylan-george/ros2_ws/install/examples_rclpy_minimal_publisher/lib/examples_rclpy_minimal_publisher
[5.610s] Installing publisher_member_function_with_wait_for_all_acked script to /home/dylan-george/ros2_ws/install/examples_rclpy_minimal_publisher/lib/examples_rclpy_minimal_publisher
[5.611s] Installing publisher_old_school script to /home/dylan-george/ros2_ws/install/examples_rclpy_minimal_publisher/lib/examples_rclpy_minimal_publisher
[5.611s] 
[5.611s] Installed /home/dylan-george/ros2_ws/build/examples_rclpy_minimal_publisher
[5.612s] running symlink_data
[5.612s] creating /home/dylan-george/ros2_ws/install/examples_rclpy_minimal_publisher/share/ament_index
[5.616s] creating /home/dylan-george/ros2_ws/install/examples_rclpy_minimal_publisher/share/ament_index/resource_index
[5.616s] creating /home/dylan-george/ros2_ws/install/examples_rclpy_minimal_publisher/share/ament_index/resource_index/packages
[5.616s] symbolically linking /home/dylan-george/ros2_ws/build/examples_rclpy_minimal_publisher/resource/examples_rclpy_minimal_publisher -> /home/dylan-george/ros2_ws/install/examples_rclpy_minimal_publisher/share/ament_index/resource_index/packages
[5.616s] symbolically linking /home/dylan-george/ros2_ws/build/examples_rclpy_minimal_publisher/package.xml -> /home/dylan-george/ros2_ws/install/examples_rclpy_minimal_publisher/share/examples_rclpy_minimal_publisher
[5.706s] Invoked command in '/home/dylan-george/ros2_ws/build/examples_rclpy_minimal_publisher' returned '0': DEBUGINFOD_URLS=https://debuginfod.ubuntu.com PYTHONPATH=/home/dylan-george/ros2_ws/build/examples_rclpy_minimal_publisher/prefix_override:/usr/lib/python3/dist-packages/colcon_core/task/python/colcon_distutils_commands:/home/dylan-george/ros2_ws/install/examples_rclpy_minimal_publisher/lib/python3.12/site-packages:${PYTHONPATH} /usr/bin/python3 -W ignore:setup.py install is deprecated -W ignore:easy_install command is deprecated setup.py develop --editable --build-directory /home/dylan-george/ros2_ws/build/examples_rclpy_minimal_publisher/build --no-deps symlink_data
